# JRE version: OpenJDK Runtime Environment Temurin-17.0.4.1+1 (17.0.4.1+1) (build 17.0.4.1+1)
# Java VM: OpenJDK 64-Bit Server VM Temurin-17.0.4.1+1 (17.0.4.1+1, mixed mode, emulated-client, tiered, compressed oops, compressed class ptrs, g1 gc, windows-amd64)
GC Precious Log:
 CPUs: 4 total, 4 available
 Memory: 3993M
 Large Page Support: Disabled
 NUMA Support: Disabled
 Compressed Oops: Enabled (32-bit)
 Heap Region Size: 1M
 Heap Min Capacity: 8M
 Heap Initial Capacity: 64M
 Heap Max Capacity: 1000M
 Pre-touch: Disabled
 Parallel Workers: 4
 Concurrent Workers: 1
 Concurrent Refinement Workers: 4
 Periodic GC: Disabled
Heap:
 garbage-first heap   total 111616K, used 68119K [0x00000000c1800000, 0x0000000100000000)
  region size 1024K, 2 young (2048K), 2 survivors (2048K)
 Metaspace       used 38541K, committed 38912K, reserved 1089536K
  class space    used 4863K, committed 5056K, reserved 1048576K
GC Heap History (20 events):
Event: 2.169 GC heap after
{Heap after GC invocations=6 (full 0):
 garbage-first heap   total 58368K, used 12971K [0x00000000c1800000, 0x0000000100000000)
  region size 1024K, 3 young (3072K), 3 survivors (3072K)
 Metaspace       used 25001K, committed 25216K, reserved 1073152K
  class space    used 3065K, committed 3136K, reserved 1048576K
}
Event: 2.190 GC heap before
{Heap before GC invocations=6 (full 0):
 garbage-first heap   total 58368K, used 13995K [0x00000000c1800000, 0x0000000100000000)
  region size 1024K, 4 young (4096K), 3 survivors (3072K)
 Metaspace       used 25261K, committed 25472K, reserved 1073152K
  class space    used 3097K, committed 3200K, reserved 1048576K
}
Event: 2.196 GC heap after
{Heap after GC invocations=7 (full 0):
 garbage-first heap   total 58368K, used 13470K [0x00000000c1800000, 0x0000000100000000)
  region size 1024K, 1 young (1024K), 1 survivors (1024K)
 Metaspace       used 25261K, committed 25472K, reserved 1073152K
  class space    used 3097K, committed 3200K, reserved 1048576K
}
Event: 2.919 GC heap before
{Heap before GC invocations=7 (full 0):
 garbage-first heap   total 58368K, used 39070K [0x00000000c1800000, 0x0000000100000000)
  region size 1024K, 27 young (27648K), 1 survivors (1024K)
 Metaspace       used 29416K, committed 29696K, reserved 1081344K
  class space    used 3693K, committed 3840K, reserved 1048576K
}
Event: 2.926 GC heap after
{Heap after GC invocations=8 (full 0):
 garbage-first heap   total 58368K, used 15821K [0x00000000c1800000, 0x0000000100000000)
  region size 1024K, 3 young (3072K), 3 survivors (3072K)
 Metaspace       used 29416K, committed 29696K, reserved 1081344K
  class space    used 3693K, committed 3840K, reserved 1048576K
}
Event: 3.608 GC heap before
{Heap before GC invocations=8 (full 0):
 garbage-first heap   total 58368K, used 41421K [0x00000000c1800000, 0x0000000100000000)
  region size 1024K, 28 young (28672K), 3 survivors (3072K)
 Metaspace       used 34207K, committed 34496K, reserved 1081344K
  class space    used 4376K, committed 4480K, reserved 1048576K
}
Event: 3.618 GC heap after
{Heap after GC invocations=9 (full 0):
 garbage-first heap   total 58368K, used 18010K [0x00000000c1800000, 0x0000000100000000)
  region size 1024K, 3 young (3072K), 3 survivors (3072K)
 Metaspace       used 34207K, committed 34496K, reserved 1081344K
  class space    used 4376K, committed 4480K, reserved 1048576K
}
Event: 3.757 GC heap before
{Heap before GC invocations=9 (full 0):
 garbage-first heap   total 58368K, used 40538K [0x00000000c1800000, 0x0000000100000000)
  region size 1024K, 26 young (26624K), 3 survivors (3072K)
 Metaspace       used 35066K, committed 35392K, reserved 1081344K
  class space    used 4525K, committed 4672K, reserved 1048576K
}
Event: 3.767 GC heap after
{Heap after GC invocations=10 (full 0):
 garbage-first heap   total 58368K, used 22733K [0x00000000c1800000, 0x0000000100000000)
  region size 1024K, 4 young (4096K), 4 survivors (4096K)
 Metaspace       used 35066K, committed 35392K, reserved 1081344K
  class space    used 4525K, committed 4672K, reserved 1048576K
}
Event: 3.826 GC heap before
{Heap before GC invocations=10 (full 0):
 garbage-first heap   total 58368K, used 41165K [0x00000000c1800000, 0x0000000100000000)
  region size 1024K, 23 young (23552K), 4 survivors (4096K)
 Metaspace       used 35093K, committed 35392K, reserved 1081344K
  class space    used 4530K, committed 4672K, reserved 1048576K
}
Event: 3.835 GC heap after
{Heap after GC invocations=11 (full 0):
 garbage-first heap   total 111616K, used 26862K [0x00000000c1800000, 0x0000000100000000)
  region size 1024K, 3 young (3072K), 3 survivors (3072K)
 Metaspace       used 35093K, committed 35392K, reserved 1081344K
  class space    used 4530K, committed 4672K, reserved 1048576K
}
Event: 4.022 GC heap before
{Heap before GC invocations=11 (full 0):
 garbage-first heap   total 111616K, used 62702K [0x00000000c1800000, 0x0000000100000000)
  region size 1024K, 39 young (39936K), 3 survivors (3072K)
 Metaspace       used 35969K, committed 36288K, reserved 1081344K
  class space    used 4650K, committed 4800K, reserved 1048576K
}
Event: 4.035 GC heap after
{Heap after GC invocations=12 (full 0):
 garbage-first heap   total 111616K, used 32734K [0x00000000c1800000, 0x0000000100000000)
  region size 1024K, 7 young (7168K), 7 survivors (7168K)
 Metaspace       used 35969K, committed 36288K, reserved 1081344K
  class space    used 4650K, committed 4800K, reserved 1048576K
}
Event: 4.680 GC heap before
{Heap before GC invocations=13 (full 0):
 garbage-first heap   total 111616K, used 73694K [0x00000000c1800000, 0x0000000100000000)
  region size 1024K, 48 young (49152K), 7 survivors (7168K)
 Metaspace       used 36476K, committed 36864K, reserved 1081344K
  class space    used 4691K, committed 4864K, reserved 1048576K
}
Event: 4.700 GC heap after
{Heap after GC invocations=14 (full 0):
 garbage-first heap   total 111616K, used 39936K [0x00000000c1800000, 0x0000000100000000)
  region size 1024K, 6 young (6144K), 6 survivors (6144K)
 Metaspace       used 36476K, committed 36864K, reserved 1081344K
  class space    used 4691K, committed 4864K, reserved 1048576K
}
Event: 4.943 GC heap before
{Heap before GC invocations=14 (full 0):
 garbage-first heap   total 111616K, used 78848K [0x00000000c1800000, 0x0000000100000000)
  region size 1024K, 44 young (45056K), 6 survivors (6144K)
 Metaspace       used 37959K, committed 38272K, reserved 1089536K
  class space    used 4796K, committed 4928K, reserved 1048576K
}
Event: 4.967 GC heap after
{Heap after GC invocations=15 (full 0):
 garbage-first heap   total 111616K, used 51868K [0x00000000c1800000, 0x0000000100000000)
  region size 1024K, 6 young (6144K), 6 survivors (6144K)
 Metaspace       used 37959K, committed 38272K, reserved 1089536K
  class space    used 4796K, committed 4928K, reserved 1048576K
}
Event: 5.066 GC heap before
{Heap before GC invocations=15 (full 0):
 garbage-first heap   total 111616K, used 82588K [0x00000000c1800000, 0x0000000100000000)
  region size 1024K, 36 young (36864K), 6 survivors (6144K)
 Metaspace       used 38539K, committed 38912K, reserved 1089536K
  class space    used 4862K, committed 5056K, reserved 1048576K
}
Event: 5.100 GC heap after
{Heap after GC invocations=16 (full 0):
 garbage-first heap   total 111616K, used 65990K [0x00000000c1800000, 0x0000000100000000)
  region size 1024K, 5 young (5120K), 5 survivors (5120K)
 Metaspace       used 38539K, committed 38912K, reserved 1089536K
  class space    used 4862K, committed 5056K, reserved 1048576K
}
Event: 5.134 GC heap before
{Heap before GC invocations=16 (full 0):
 garbage-first heap   total 111616K, used 83398K [0x00000000c1800000, 0x0000000100000000)
  region size 1024K, 23 young (23552K), 5 survivors (5120K)
 Metaspace       used 38541K, committed 38912K, reserved 1089536K
  class space    used 4863K, committed 5056K, reserved 1048576K
}

