# JRE version: OpenJDK Runtime Environment Temurin-17.0.4.1+1 (17.0.4.1+1) (build 17.0.4.1+1)
# Java VM: OpenJDK 64-Bit Server VM Temurin-17.0.4.1+1 (17.0.4.1+1, mixed mode, emulated-client, tiered, compressed oops, compressed class ptrs, g1 gc, windows-amd64)
GC Precious Log:
 CPUs: 4 total, 4 available
 Memory: 3993M
 Large Page Support: Disabled
 NUMA Support: Disabled
 Compressed Oops: Enabled (32-bit)
 Heap Region Size: 1M
 Heap Min Capacity: 8M
 Heap Initial Capacity: 64M
 Heap Max Capacity: 1000M
 Pre-touch: Disabled
 Parallel Workers: 4
 Concurrent Workers: 1
 Concurrent Refinement Workers: 4
 Periodic GC: Disabled
Heap:
 garbage-first heap   total 480256K, used 235963K [0x00000000c1800000, 0x0000000100000000)
  region size 1024K, 12 young (12288K), 3 survivors (3072K)
 Metaspace       used 42660K, committed 42944K, reserved 1089536K
  class space    used 5955K, committed 6080K, reserved 1048576K
GC Heap History (20 events):
Event: 16.109 GC heap before
{Heap before GC invocations=30 (full 0):
 garbage-first heap   total 480256K, used 396611K [0x00000000c1800000, 0x0000000100000000)
  region size 1024K, 259 young (265216K), 10 survivors (10240K)
 Metaspace       used 36351K, committed 36608K, reserved 1081344K
  class space    used 4733K, committed 4864K, reserved 1048576K
}
Event: 16.129 GC heap after
{Heap after GC invocations=31 (full 0):
 garbage-first heap   total 480256K, used 153411K [0x00000000c1800000, 0x0000000100000000)
  region size 1024K, 22 young (22528K), 22 survivors (22528K)
 Metaspace       used 36351K, committed 36608K, reserved 1081344K
  class space    used 4733K, committed 4864K, reserved 1048576K
}
Event: 16.754 GC heap before
{Heap before GC invocations=31 (full 0):
 garbage-first heap   total 480256K, used 395075K [0x00000000c1800000, 0x0000000100000000)
  region size 1024K, 259 young (265216K), 22 survivors (22528K)
 Metaspace       used 36351K, committed 36608K, reserved 1081344K
  class space    used 4733K, committed 4864K, reserved 1048576K
}
Event: 16.789 GC heap after
{Heap after GC invocations=32 (full 0):
 garbage-first heap   total 480256K, used 165521K [0x00000000c1800000, 0x0000000100000000)
  region size 1024K, 24 young (24576K), 24 survivors (24576K)
 Metaspace       used 36351K, committed 36608K, reserved 1081344K
  class space    used 4733K, committed 4864K, reserved 1048576K
}
Event: 17.813 GC heap before
{Heap before GC invocations=32 (full 0):
 garbage-first heap   total 480256K, used 398993K [0x00000000c1800000, 0x0000000100000000)
  region size 1024K, 253 young (259072K), 24 survivors (24576K)
 Metaspace       used 36352K, committed 36608K, reserved 1081344K
  class space    used 4733K, committed 4864K, reserved 1048576K
}
Event: 17.869 GC heap after
{Heap after GC invocations=33 (full 0):
 garbage-first heap   total 480256K, used 176059K [0x00000000c1800000, 0x0000000100000000)
  region size 1024K, 22 young (22528K), 22 survivors (22528K)
 Metaspace       used 36352K, committed 36608K, reserved 1081344K
  class space    used 4733K, committed 4864K, reserved 1048576K
}
Event: 18.482 GC heap before
{Heap before GC invocations=33 (full 0):
 garbage-first heap   total 480256K, used 402363K [0x00000000c1800000, 0x0000000100000000)
  region size 1024K, 244 young (249856K), 22 survivors (22528K)
 Metaspace       used 36352K, committed 36608K, reserved 1081344K
  class space    used 4733K, committed 4864K, reserved 1048576K
}
Event: 18.507 GC heap after
{Heap after GC invocations=34 (full 0):
 garbage-first heap   total 480256K, used 188859K [0x00000000c1800000, 0x0000000100000000)
  region size 1024K, 22 young (22528K), 22 survivors (22528K)
 Metaspace       used 36352K, committed 36608K, reserved 1081344K
  class space    used 4733K, committed 4864K, reserved 1048576K
}
Event: 19.140 GC heap before
{Heap before GC invocations=34 (full 0):
 garbage-first heap   total 480256K, used 402875K [0x00000000c1800000, 0x0000000100000000)
  region size 1024K, 232 young (237568K), 22 survivors (22528K)
 Metaspace       used 36352K, committed 36608K, reserved 1081344K
  class space    used 4733K, committed 4864K, reserved 1048576K
}
Event: 19.173 GC heap after
{Heap after GC invocations=35 (full 0):
 garbage-first heap   total 480256K, used 200635K [0x00000000c1800000, 0x0000000100000000)
  region size 1024K, 23 young (23552K), 23 survivors (23552K)
 Metaspace       used 36352K, committed 36608K, reserved 1081344K
  class space    used 4733K, committed 4864K, reserved 1048576K
}
Event: 19.768 GC heap before
{Heap before GC invocations=35 (full 0):
 garbage-first heap   total 480256K, used 406459K [0x00000000c1800000, 0x0000000100000000)
  region size 1024K, 223 young (228352K), 23 survivors (23552K)
 Metaspace       used 36356K, committed 36672K, reserved 1081344K
  class space    used 4734K, committed 4864K, reserved 1048576K
}
Event: 19.797 GC heap after
{Heap after GC invocations=36 (full 0):
 garbage-first heap   total 480256K, used 213947K [0x00000000c1800000, 0x0000000100000000)
  region size 1024K, 22 young (22528K), 22 survivors (22528K)
 Metaspace       used 36356K, committed 36672K, reserved 1081344K
  class space    used 4734K, committed 4864K, reserved 1048576K
}
Event: 20.455 GC heap before
{Heap before GC invocations=36 (full 0):
 garbage-first heap   total 480256K, used 405435K [0x00000000c1800000, 0x0000000100000000)
  region size 1024K, 210 young (215040K), 22 survivors (22528K)
 Metaspace       used 36394K, committed 36672K, reserved 1081344K
  class space    used 4738K, committed 4864K, reserved 1048576K
}
Event: 20.515 GC heap after
{Heap after GC invocations=37 (full 0):
 garbage-first heap   total 480256K, used 245179K [0x00000000c1800000, 0x0000000100000000)
  region size 1024K, 27 young (27648K), 27 survivors (27648K)
 Metaspace       used 36394K, committed 36672K, reserved 1081344K
  class space    used 4738K, committed 4864K, reserved 1048576K
}
Event: 20.581 GC heap before
{Heap before GC invocations=37 (full 0):
 garbage-first heap   total 480256K, used 254395K [0x00000000c1800000, 0x0000000100000000)
  region size 1024K, 37 young (37888K), 27 survivors (27648K)
 Metaspace       used 36394K, committed 36672K, reserved 1081344K
  class space    used 4738K, committed 4864K, reserved 1048576K
}
Event: 20.631 GC heap after
{Heap after GC invocations=38 (full 0):
 garbage-first heap   total 480256K, used 254907K [0x00000000c1800000, 0x0000000100000000)
  region size 1024K, 9 young (9216K), 9 survivors (9216K)
 Metaspace       used 36394K, committed 36672K, reserved 1081344K
  class space    used 4738K, committed 4864K, reserved 1048576K
}
Event: 22.095 GC heap before
{Heap before GC invocations=39 (full 0):
 garbage-first heap   total 480256K, used 331707K [0x00000000c1800000, 0x0000000100000000)
  region size 1024K, 88 young (90112K), 9 survivors (9216K)
 Metaspace       used 40855K, committed 41216K, reserved 1089536K
  class space    used 5699K, committed 5888K, reserved 1048576K
}
Event: 22.160 GC heap after
{Heap after GC invocations=40 (full 0):
 garbage-first heap   total 480256K, used 270267K [0x00000000c1800000, 0x0000000100000000)
  region size 1024K, 11 young (11264K), 11 survivors (11264K)
 Metaspace       used 40855K, committed 41216K, reserved 1089536K
  class space    used 5699K, committed 5888K, reserved 1048576K
}
Event: 22.976 GC heap before
{Heap before GC invocations=40 (full 0):
 garbage-first heap   total 480256K, used 281531K [0x00000000c1800000, 0x0000000100000000)
  region size 1024K, 23 young (23552K), 11 survivors (11264K)
 Metaspace       used 41594K, committed 41920K, reserved 1089536K
  class space    used 5804K, committed 5952K, reserved 1048576K
}
Event: 23.024 GC heap after
{Heap after GC invocations=41 (full 0):
 garbage-first heap   total 480256K, used 228795K [0x00000000c1800000, 0x0000000100000000)
  region size 1024K, 3 young (3072K), 3 survivors (3072K)
 Metaspace       used 41594K, committed 41920K, reserved 1089536K
  class space    used 5804K, committed 5952K, reserved 1048576K
}

