# JRE version: OpenJDK Runtime Environment Temurin-17.0.4.1+1 (17.0.4.1+1) (build 17.0.4.1+1)
# Java VM: OpenJDK 64-Bit Server VM Temurin-17.0.4.1+1 (17.0.4.1+1, mixed mode, emulated-client, tiered, compressed oops, compressed class ptrs, g1 gc, windows-amd64)
GC Precious Log:
 CPUs: 4 total, 4 available
 Memory: 3993M
 Large Page Support: Disabled
 NUMA Support: Disabled
 Compressed Oops: Enabled (32-bit)
 Heap Region Size: 1M
 Heap Min Capacity: 8M
 Heap Initial Capacity: 64M
 Heap Max Capacity: 1000M
 Pre-touch: Disabled
 Parallel Workers: 4
 Concurrent Workers: 1
 Concurrent Refinement Workers: 4
 Periodic GC: Disabled
Heap:
 garbage-first heap   total 279552K, used 94285K [0x00000000c1800000, 0x0000000100000000)
  region size 1024K, 6 young (6144K), 6 survivors (6144K)
 Metaspace       used 40072K, committed 40448K, reserved 1089536K
  class space    used 5004K, committed 5184K, reserved 1048576K
GC Heap History (20 events):
Event: 5.507 GC heap after
{Heap after GC invocations=14 (full 0):
 garbage-first heap   total 63488K, used 28442K [0x00000000c1800000, 0x0000000100000000)
  region size 1024K, 2 young (2048K), 2 survivors (2048K)
 Metaspace       used 36109K, committed 36480K, reserved 1081344K
  class space    used 4651K, committed 4800K, reserved 1048576K
}
Event: 5.566 GC heap before
{Heap before GC invocations=14 (full 0):
 garbage-first heap   total 63488K, used 45850K [0x00000000c1800000, 0x0000000100000000)
  region size 1024K, 19 young (19456K), 2 survivors (2048K)
 Metaspace       used 36494K, committed 36800K, reserved 1081344K
  class space    used 4692K, committed 4800K, reserved 1048576K
}
Event: 5.572 GC heap after
{Heap after GC invocations=15 (full 0):
 garbage-first heap   total 138240K, used 31219K [0x00000000c1800000, 0x0000000100000000)
  region size 1024K, 3 young (3072K), 3 survivors (3072K)
 Metaspace       used 36494K, committed 36800K, reserved 1081344K
  class space    used 4692K, committed 4800K, reserved 1048576K
}
Event: 5.757 GC heap before
{Heap before GC invocations=15 (full 0):
 garbage-first heap   total 138240K, used 95731K [0x00000000c1800000, 0x0000000100000000)
  region size 1024K, 67 young (68608K), 3 survivors (3072K)
 Metaspace       used 37792K, committed 38080K, reserved 1089536K
  class space    used 4778K, committed 4928K, reserved 1048576K
}
Event: 5.778 GC heap after
{Heap after GC invocations=16 (full 0):
 garbage-first heap   total 138240K, used 45098K [0x00000000c1800000, 0x0000000100000000)
  region size 1024K, 9 young (9216K), 9 survivors (9216K)
 Metaspace       used 37792K, committed 38080K, reserved 1089536K
  class space    used 4778K, committed 4928K, reserved 1048576K
}
Event: 6.024 GC heap before
{Heap before GC invocations=16 (full 0):
 garbage-first heap   total 138240K, used 92202K [0x00000000c1800000, 0x0000000100000000)
  region size 1024K, 54 young (55296K), 9 survivors (9216K)
 Metaspace       used 38860K, committed 39232K, reserved 1089536K
  class space    used 4912K, committed 5056K, reserved 1048576K
}
Event: 6.053 GC heap after
{Heap after GC invocations=17 (full 0):
 garbage-first heap   total 138240K, used 63138K [0x00000000c1800000, 0x0000000100000000)
  region size 1024K, 7 young (7168K), 7 survivors (7168K)
 Metaspace       used 38860K, committed 39232K, reserved 1089536K
  class space    used 4912K, committed 5056K, reserved 1048576K
}
Event: 6.132 GC heap before
{Heap before GC invocations=17 (full 0):
 garbage-first heap   total 138240K, used 96930K [0x00000000c1800000, 0x0000000100000000)
  region size 1024K, 40 young (40960K), 7 survivors (7168K)
 Metaspace       used 39035K, committed 39424K, reserved 1089536K
  class space    used 4941K, committed 5120K, reserved 1048576K
}
Event: 6.161 GC heap after
{Heap after GC invocations=18 (full 0):
 garbage-first heap   total 138240K, used 75153K [0x00000000c1800000, 0x0000000100000000)
  region size 1024K, 5 young (5120K), 5 survivors (5120K)
 Metaspace       used 39035K, committed 39424K, reserved 1089536K
  class space    used 4941K, committed 5120K, reserved 1048576K
}
Event: 6.209 GC heap before
{Heap before GC invocations=18 (full 0):
 garbage-first heap   total 138240K, used 99729K [0x00000000c1800000, 0x0000000100000000)
  region size 1024K, 30 young (30720K), 5 survivors (5120K)
 Metaspace       used 39108K, committed 39488K, reserved 1089536K
  class space    used 4955K, committed 5120K, reserved 1048576K
}
Event: 6.219 GC heap after
{Heap after GC invocations=19 (full 0):
 garbage-first heap   total 279552K, used 77667K [0x00000000c1800000, 0x0000000100000000)
  region size 1024K, 2 young (2048K), 2 survivors (2048K)
 Metaspace       used 39108K, committed 39488K, reserved 1089536K
  class space    used 4955K, committed 5120K, reserved 1048576K
}
Event: 6.346 GC heap before
{Heap before GC invocations=19 (full 0):
 garbage-first heap   total 279552K, used 186211K [0x00000000c1800000, 0x0000000100000000)
  region size 1024K, 109 young (111616K), 2 survivors (2048K)
 Metaspace       used 39278K, committed 39616K, reserved 1089536K
  class space    used 4974K, committed 5120K, reserved 1048576K
}
Event: 6.353 GC heap after
{Heap after GC invocations=20 (full 0):
 garbage-first heap   total 279552K, used 81725K [0x00000000c1800000, 0x0000000100000000)
  region size 1024K, 6 young (6144K), 6 survivors (6144K)
 Metaspace       used 39278K, committed 39616K, reserved 1089536K
  class space    used 4974K, committed 5120K, reserved 1048576K
}
Event: 6.459 GC heap before
{Heap before GC invocations=20 (full 0):
 garbage-first heap   total 279552K, used 205629K [0x00000000c1800000, 0x0000000100000000)
  region size 1024K, 129 young (132096K), 6 survivors (6144K)
 Metaspace       used 39577K, committed 39936K, reserved 1089536K
  class space    used 4985K, committed 5120K, reserved 1048576K
}
Event: 6.470 GC heap after
{Heap after GC invocations=21 (full 0):
 garbage-first heap   total 279552K, used 84768K [0x00000000c1800000, 0x0000000100000000)
  region size 1024K, 10 young (10240K), 10 survivors (10240K)
 Metaspace       used 39577K, committed 39936K, reserved 1089536K
  class space    used 4985K, committed 5120K, reserved 1048576K
}
Event: 6.567 GC heap before
{Heap before GC invocations=22 (full 0):
 garbage-first heap   total 279552K, used 212768K [0x00000000c1800000, 0x0000000100000000)
  region size 1024K, 136 young (139264K), 10 survivors (10240K)
 Metaspace       used 39899K, committed 40192K, reserved 1089536K
  class space    used 4989K, committed 5120K, reserved 1048576K
}
Event: 6.578 GC heap after
{Heap after GC invocations=23 (full 0):
 garbage-first heap   total 279552K, used 91043K [0x00000000c1800000, 0x0000000100000000)
  region size 1024K, 15 young (15360K), 15 survivors (15360K)
 Metaspace       used 39899K, committed 40192K, reserved 1089536K
  class space    used 4989K, committed 5120K, reserved 1048576K
}
Event: 6.580 GC heap before
{Heap before GC invocations=23 (full 0):
 garbage-first heap   total 279552K, used 93091K [0x00000000c1800000, 0x0000000100000000)
  region size 1024K, 17 young (17408K), 15 survivors (15360K)
 Metaspace       used 39899K, committed 40192K, reserved 1089536K
  class space    used 4989K, committed 5120K, reserved 1048576K
}
Event: 6.591 GC heap after
{Heap after GC invocations=24 (full 0):
 garbage-first heap   total 279552K, used 91047K [0x00000000c1800000, 0x0000000100000000)
  region size 1024K, 2 young (2048K), 2 survivors (2048K)
 Metaspace       used 39899K, committed 40192K, reserved 1089536K
  class space    used 4989K, committed 5120K, reserved 1048576K
}
Event: 6.675 GC heap before
{Heap before GC invocations=24 (full 0):
 garbage-first heap   total 279552K, used 218023K [0x00000000c1800000, 0x0000000100000000)
  region size 1024K, 127 young (130048K), 2 survivors (2048K)
 Metaspace       used 40072K, committed 40448K, reserved 1089536K
  class space    used 5004K, committed 5184K, reserved 1048576K
}

