# JRE version: OpenJDK Runtime Environment Temurin-17.0.4.1+1 (17.0.4.1+1) (build 17.0.4.1+1)
# Java VM: OpenJDK 64-Bit Server VM Temurin-17.0.4.1+1 (17.0.4.1+1, mixed mode, emulated-client, tiered, compressed oops, compressed class ptrs, g1 gc, windows-amd64)
GC Precious Log:
 CPUs: 4 total, 4 available
 Memory: 3993M
 Large Page Support: Disabled
 NUMA Support: Disabled
 Compressed Oops: Enabled (32-bit)
 Heap Region Size: 1M
 Heap Min Capacity: 8M
 Heap Initial Capacity: 64M
 Heap Max Capacity: 1000M
 Pre-touch: Disabled
 Parallel Workers: 4
 Concurrent Workers: 1
 Concurrent Refinement Workers: 4
 Periodic GC: Disabled
Heap:
 garbage-first heap   total 292864K, used 101292K [0x00000000c1800000, 0x0000000100000000)
  region size 1024K, 15 young (15360K), 15 survivors (15360K)
 Metaspace       used 39086K, committed 39488K, reserved 1089536K
  class space    used 4947K, committed 5120K, reserved 1048576K
GC Heap History (20 events):
Event: 8.581 GC heap after
{Heap after GC invocations=17 (full 0):
 garbage-first heap   total 135168K, used 35465K [0x00000000c1800000, 0x0000000100000000)
  region size 1024K, 1 young (1024K), 1 survivors (1024K)
 Metaspace       used 36207K, committed 36544K, reserved 1081344K
  class space    used 4664K, committed 4800K, reserved 1048576K
}
Event: 9.365 GC heap before
{Heap before GC invocations=17 (full 0):
 garbage-first heap   total 135168K, used 95881K [0x00000000c1800000, 0x0000000100000000)
  region size 1024K, 61 young (62464K), 1 survivors (1024K)
 Metaspace       used 37790K, committed 38080K, reserved 1089536K
  class space    used 4779K, committed 4928K, reserved 1048576K
}
Event: 9.391 GC heap after
{Heap after GC invocations=18 (full 0):
 garbage-first heap   total 135168K, used 51145K [0x00000000c1800000, 0x0000000100000000)
  region size 1024K, 8 young (8192K), 8 survivors (8192K)
 Metaspace       used 37790K, committed 38080K, reserved 1089536K
  class space    used 4779K, committed 4928K, reserved 1048576K
}
Event: 10.075 GC heap before
{Heap before GC invocations=18 (full 0):
 garbage-first heap   total 135168K, used 89033K [0x00000000c1800000, 0x0000000100000000)
  region size 1024K, 45 young (46080K), 8 survivors (8192K)
 Metaspace       used 38725K, committed 39040K, reserved 1089536K
  class space    used 4891K, committed 5056K, reserved 1048576K
}
Event: 10.108 GC heap after
{Heap after GC invocations=19 (full 0):
 garbage-first heap   total 135168K, used 63748K [0x00000000c1800000, 0x0000000100000000)
  region size 1024K, 6 young (6144K), 6 survivors (6144K)
 Metaspace       used 38725K, committed 39040K, reserved 1089536K
  class space    used 4891K, committed 5056K, reserved 1048576K
}
Event: 10.251 GC heap before
{Heap before GC invocations=19 (full 0):
 garbage-first heap   total 135168K, used 94467K [0x00000000c1800000, 0x0000000100000000)
  region size 1024K, 36 young (36864K), 6 survivors (6144K)
 Metaspace       used 38924K, committed 39360K, reserved 1089536K
  class space    used 4918K, committed 5120K, reserved 1048576K
}
Event: 10.277 GC heap after
{Heap after GC invocations=20 (full 0):
 garbage-first heap   total 135168K, used 71602K [0x00000000c1800000, 0x0000000100000000)
  region size 1024K, 5 young (5120K), 5 survivors (5120K)
 Metaspace       used 38924K, committed 39360K, reserved 1089536K
  class space    used 4918K, committed 5120K, reserved 1048576K
}
Event: 10.325 GC heap before
{Heap before GC invocations=20 (full 0):
 garbage-first heap   total 135168K, used 97202K [0x00000000c1800000, 0x0000000100000000)
  region size 1024K, 31 young (31744K), 5 survivors (5120K)
 Metaspace       used 38947K, committed 39360K, reserved 1089536K
  class space    used 4920K, committed 5120K, reserved 1048576K
}
Event: 10.350 GC heap after
{Heap after GC invocations=21 (full 0):
 garbage-first heap   total 292864K, used 73893K [0x00000000c1800000, 0x0000000100000000)
  region size 1024K, 2 young (2048K), 2 survivors (2048K)
 Metaspace       used 38947K, committed 39360K, reserved 1089536K
  class space    used 4920K, committed 5120K, reserved 1048576K
}
Event: 10.716 GC heap before
{Heap before GC invocations=21 (full 0):
 garbage-first heap   total 292864K, used 179365K [0x00000000c1800000, 0x0000000100000000)
  region size 1024K, 107 young (109568K), 2 survivors (2048K)
 Metaspace       used 39036K, committed 39424K, reserved 1089536K
  class space    used 4932K, committed 5120K, reserved 1048576K
}
Event: 10.724 GC heap after
{Heap after GC invocations=22 (full 0):
 garbage-first heap   total 292864K, used 76753K [0x00000000c1800000, 0x0000000100000000)
  region size 1024K, 6 young (6144K), 6 survivors (6144K)
 Metaspace       used 39036K, committed 39424K, reserved 1089536K
  class space    used 4932K, committed 5120K, reserved 1048576K
}
Event: 10.989 GC heap before
{Heap before GC invocations=23 (full 0):
 garbage-first heap   total 292864K, used 210897K [0x00000000c1800000, 0x0000000100000000)
  region size 1024K, 139 young (142336K), 6 survivors (6144K)
 Metaspace       used 39047K, committed 39424K, reserved 1089536K
  class space    used 4936K, committed 5120K, reserved 1048576K
}
Event: 11.002 GC heap after
{Heap after GC invocations=24 (full 0):
 garbage-first heap   total 292864K, used 81784K [0x00000000c1800000, 0x0000000100000000)
  region size 1024K, 11 young (11264K), 11 survivors (11264K)
 Metaspace       used 39047K, committed 39424K, reserved 1089536K
  class space    used 4936K, committed 5120K, reserved 1048576K
}
Event: 11.011 GC heap before
{Heap before GC invocations=24 (full 0):
 garbage-first heap   total 292864K, used 83832K [0x00000000c1800000, 0x0000000100000000)
  region size 1024K, 14 young (14336K), 11 survivors (11264K)
 Metaspace       used 39047K, committed 39424K, reserved 1089536K
  class space    used 4936K, committed 5120K, reserved 1048576K
}
Event: 11.020 GC heap after
{Heap after GC invocations=25 (full 0):
 garbage-first heap   total 292864K, used 80145K [0x00000000c1800000, 0x0000000100000000)
  region size 1024K, 2 young (2048K), 2 survivors (2048K)
 Metaspace       used 39047K, committed 39424K, reserved 1089536K
  class space    used 4936K, committed 5120K, reserved 1048576K
}
Event: 11.270 GC heap before
{Heap before GC invocations=25 (full 0):
 garbage-first heap   total 292864K, used 219409K [0x00000000c1800000, 0x0000000100000000)
  region size 1024K, 139 young (142336K), 2 survivors (2048K)
 Metaspace       used 39047K, committed 39424K, reserved 1089536K
  class space    used 4936K, committed 5120K, reserved 1048576K
}
Event: 11.278 GC heap after
{Heap after GC invocations=26 (full 0):
 garbage-first heap   total 292864K, used 85176K [0x00000000c1800000, 0x0000000100000000)
  region size 1024K, 7 young (7168K), 7 survivors (7168K)
 Metaspace       used 39047K, committed 39424K, reserved 1089536K
  class space    used 4936K, committed 5120K, reserved 1048576K
}
Event: 11.503 GC heap before
{Heap before GC invocations=26 (full 0):
 garbage-first heap   total 292864K, used 225464K [0x00000000c1800000, 0x0000000100000000)
  region size 1024K, 144 young (147456K), 7 survivors (7168K)
 Metaspace       used 39056K, committed 39488K, reserved 1089536K
  class space    used 4937K, committed 5120K, reserved 1048576K
}
Event: 11.517 GC heap after
{Heap after GC invocations=27 (full 0):
 garbage-first heap   total 292864K, used 95837K [0x00000000c1800000, 0x0000000100000000)
  region size 1024K, 16 young (16384K), 16 survivors (16384K)
 Metaspace       used 39056K, committed 39488K, reserved 1089536K
  class space    used 4937K, committed 5120K, reserved 1048576K
}
Event: 11.776 GC heap before
{Heap before GC invocations=27 (full 0):
 garbage-first heap   total 292864K, used 228957K [0x00000000c1800000, 0x0000000100000000)
  region size 1024K, 147 young (150528K), 16 survivors (16384K)
 Metaspace       used 39086K, committed 39488K, reserved 1089536K
  class space    used 4947K, committed 5120K, reserved 1048576K
}

