# JRE version: OpenJDK Runtime Environment Temurin-17.0.4.1+1 (17.0.4.1+1) (build 17.0.4.1+1)
# Java VM: OpenJDK 64-Bit Server VM Temurin-17.0.4.1+1 (17.0.4.1+1, mixed mode, emulated-client, tiered, compressed oops, compressed class ptrs, g1 gc, windows-amd64)
GC Precious Log:
 CPUs: 4 total, 4 available
 Memory: 3993M
 Large Page Support: Disabled
 NUMA Support: Disabled
 Compressed Oops: Enabled (32-bit)
 Heap Region Size: 1M
 Heap Min Capacity: 8M
 Heap Initial Capacity: 64M
 Heap Max Capacity: 1000M
 Pre-touch: Disabled
 Parallel Workers: 4
 Concurrent Workers: 1
 Concurrent Refinement Workers: 4
 Periodic GC: Disabled
Heap:
 garbage-first heap   total 99328K, used 51213K [0x00000000c1800000, 0x0000000100000000)
  region size 1024K, 2 young (2048K), 2 survivors (2048K)
 Metaspace       used 38331K, committed 38656K, reserved 1089536K
  class space    used 4835K, committed 4992K, reserved 1048576K
GC Heap History (20 events):
Event: 2.240 GC heap after
{Heap after GC invocations=7 (full 0):
 garbage-first heap   total 45056K, used 15132K [0x00000000c1800000, 0x0000000100000000)
  region size 1024K, 3 young (3072K), 3 survivors (3072K)
 Metaspace       used 28089K, committed 28352K, reserved 1081344K
  class space    used 3508K, committed 3648K, reserved 1048576K
}
Event: 2.601 GC heap before
{Heap before GC invocations=7 (full 0):
 garbage-first heap   total 45056K, used 29468K [0x00000000c1800000, 0x0000000100000000)
  region size 1024K, 18 young (18432K), 3 survivors (3072K)
 Metaspace       used 30434K, committed 30720K, reserved 1081344K
  class space    used 3819K, committed 3968K, reserved 1048576K
}
Event: 2.609 GC heap after
{Heap after GC invocations=8 (full 0):
 garbage-first heap   total 54272K, used 16515K [0x00000000c1800000, 0x0000000100000000)
  region size 1024K, 2 young (2048K), 2 survivors (2048K)
 Metaspace       used 30434K, committed 30720K, reserved 1081344K
  class space    used 3819K, committed 3968K, reserved 1048576K
}
Event: 3.039 GC heap before
{Heap before GC invocations=8 (full 0):
 garbage-first heap   total 54272K, used 36995K [0x00000000c1800000, 0x0000000100000000)
  region size 1024K, 23 young (23552K), 2 survivors (2048K)
 Metaspace       used 34310K, committed 34624K, reserved 1081344K
  class space    used 4397K, committed 4544K, reserved 1048576K
}
Event: 3.046 GC heap after
{Heap after GC invocations=9 (full 0):
 garbage-first heap   total 54272K, used 18383K [0x00000000c1800000, 0x0000000100000000)
  region size 1024K, 3 young (3072K), 3 survivors (3072K)
 Metaspace       used 34310K, committed 34624K, reserved 1081344K
  class space    used 4397K, committed 4544K, reserved 1048576K
}
Event: 3.168 GC heap before
{Heap before GC invocations=9 (full 0):
 garbage-first heap   total 54272K, used 39887K [0x00000000c1800000, 0x0000000100000000)
  region size 1024K, 24 young (24576K), 3 survivors (3072K)
 Metaspace       used 35353K, committed 35648K, reserved 1081344K
  class space    used 4577K, committed 4736K, reserved 1048576K
}
Event: 3.177 GC heap after
{Heap after GC invocations=10 (full 0):
 garbage-first heap   total 54272K, used 22529K [0x00000000c1800000, 0x0000000100000000)
  region size 1024K, 3 young (3072K), 3 survivors (3072K)
 Metaspace       used 35353K, committed 35648K, reserved 1081344K
  class space    used 4577K, committed 4736K, reserved 1048576K
}
Event: 3.251 GC heap before
{Heap before GC invocations=10 (full 0):
 garbage-first heap   total 54272K, used 37889K [0x00000000c1800000, 0x0000000100000000)
  region size 1024K, 19 young (19456K), 3 survivors (3072K)
 Metaspace       used 35405K, committed 35712K, reserved 1081344K
  class space    used 4589K, committed 4736K, reserved 1048576K
}
Event: 3.257 GC heap after
{Heap after GC invocations=11 (full 0):
 garbage-first heap   total 54272K, used 25493K [0x00000000c1800000, 0x0000000100000000)
  region size 1024K, 3 young (3072K), 3 survivors (3072K)
 Metaspace       used 35405K, committed 35712K, reserved 1081344K
  class space    used 4589K, committed 4736K, reserved 1048576K
}
Event: 3.319 GC heap before
{Heap before GC invocations=11 (full 0):
 garbage-first heap   total 54272K, used 37781K [0x00000000c1800000, 0x0000000100000000)
  region size 1024K, 17 young (17408K), 3 survivors (3072K)
 Metaspace       used 35825K, committed 36096K, reserved 1081344K
  class space    used 4635K, committed 4736K, reserved 1048576K
}
Event: 3.325 GC heap after
{Heap after GC invocations=12 (full 0):
 garbage-first heap   total 77824K, used 28763K [0x00000000c1800000, 0x0000000100000000)
  region size 1024K, 3 young (3072K), 3 survivors (3072K)
 Metaspace       used 35825K, committed 36096K, reserved 1081344K
  class space    used 4635K, committed 4736K, reserved 1048576K
}
Event: 3.419 GC heap before
{Heap before GC invocations=13 (full 0):
 garbage-first heap   total 77824K, used 54363K [0x00000000c1800000, 0x0000000100000000)
  region size 1024K, 29 young (29696K), 3 survivors (3072K)
 Metaspace       used 36308K, committed 36608K, reserved 1081344K
  class space    used 4671K, committed 4800K, reserved 1048576K
}
Event: 3.427 GC heap after
{Heap after GC invocations=14 (full 0):
 garbage-first heap   total 77824K, used 32880K [0x00000000c1800000, 0x0000000100000000)
  region size 1024K, 4 young (4096K), 4 survivors (4096K)
 Metaspace       used 36308K, committed 36608K, reserved 1081344K
  class space    used 4671K, committed 4800K, reserved 1048576K
}
Event: 3.480 GC heap before
{Heap before GC invocations=14 (full 0):
 garbage-first heap   total 77824K, used 55408K [0x00000000c1800000, 0x0000000100000000)
  region size 1024K, 27 young (27648K), 4 survivors (4096K)
 Metaspace       used 36873K, committed 37184K, reserved 1081344K
  class space    used 4731K, committed 4864K, reserved 1048576K
}
Event: 3.488 GC heap after
{Heap after GC invocations=15 (full 0):
 garbage-first heap   total 77824K, used 36965K [0x00000000c1800000, 0x0000000100000000)
  region size 1024K, 4 young (4096K), 4 survivors (4096K)
 Metaspace       used 36873K, committed 37184K, reserved 1081344K
  class space    used 4731K, committed 4864K, reserved 1048576K
}
Event: 3.534 GC heap before
{Heap before GC invocations=15 (full 0):
 garbage-first heap   total 77824K, used 57445K [0x00000000c1800000, 0x0000000100000000)
  region size 1024K, 25 young (25600K), 4 survivors (4096K)
 Metaspace       used 37502K, committed 37824K, reserved 1089536K
  class space    used 4752K, committed 4864K, reserved 1048576K
}
Event: 3.543 GC heap after
{Heap after GC invocations=16 (full 0):
 garbage-first heap   total 77824K, used 40926K [0x00000000c1800000, 0x0000000100000000)
  region size 1024K, 4 young (4096K), 4 survivors (4096K)
 Metaspace       used 37502K, committed 37824K, reserved 1089536K
  class space    used 4752K, committed 4864K, reserved 1048576K
}
Event: 3.613 GC heap before
{Heap before GC invocations=16 (full 0):
 garbage-first heap   total 77824K, used 59358K [0x00000000c1800000, 0x0000000100000000)
  region size 1024K, 23 young (23552K), 4 survivors (4096K)
 Metaspace       used 37791K, committed 38080K, reserved 1089536K
  class space    used 4780K, committed 4928K, reserved 1048576K
}
Event: 3.629 GC heap after
{Heap after GC invocations=17 (full 0):
 garbage-first heap   total 77824K, used 48793K [0x00000000c1800000, 0x0000000100000000)
  region size 1024K, 3 young (3072K), 3 survivors (3072K)
 Metaspace       used 37791K, committed 38080K, reserved 1089536K
  class space    used 4780K, committed 4928K, reserved 1048576K
}
Event: 3.728 GC heap before
{Heap before GC invocations=17 (full 0):
 garbage-first heap   total 99328K, used 59033K [0x00000000c1800000, 0x0000000100000000)
  region size 1024K, 14 young (14336K), 3 survivors (3072K)
 Metaspace       used 38331K, committed 38656K, reserved 1089536K
  class space    used 4835K, committed 4992K, reserved 1048576K
}

