# JRE version: OpenJDK Runtime Environment Temurin-17.0.4.1+1 (17.0.4.1+1) (build 17.0.4.1+1)
# Java VM: OpenJDK 64-Bit Server VM Temurin-17.0.4.1+1 (17.0.4.1+1, mixed mode, emulated-client, tiered, compressed oops, compressed class ptrs, g1 gc, windows-amd64)
GC Precious Log:
 CPUs: 4 total, 4 available
 Memory: 3993M
 Large Page Support: Disabled
 NUMA Support: Disabled
 Compressed Oops: Enabled (32-bit)
 Heap Region Size: 1M
 Heap Min Capacity: 8M
 Heap Initial Capacity: 64M
 Heap Max Capacity: 1000M
 Pre-touch: Disabled
 Parallel Workers: 4
 Concurrent Workers: 1
 Concurrent Refinement Workers: 4
 Periodic GC: Disabled
Heap:
 garbage-first heap   total 535552K, used 315284K [0x00000000c1800000, 0x0000000100000000)
  region size 1024K, 196 young (200704K), 33 survivors (33792K)
 Metaspace       used 42235K, committed 42624K, reserved 1089536K
  class space    used 5231K, committed 5440K, reserved 1048576K
GC Heap History (20 events):
Event: 3.491 GC heap before
{Heap before GC invocations=17 (full 0):
 garbage-first heap   total 132096K, used 99788K [0x00000000c1800000, 0x0000000100000000)
  region size 1024K, 36 young (36864K), 3 survivors (3072K)
 Metaspace       used 37341K, committed 37696K, reserved 1089536K
  class space    used 4818K, committed 4992K, reserved 1048576K
}
Event: 3.496 GC heap after
{Heap after GC invocations=18 (full 0):
 garbage-first heap   total 316416K, used 68438K [0x00000000c1800000, 0x0000000100000000)
  region size 1024K, 3 young (3072K), 3 survivors (3072K)
 Metaspace       used 37341K, committed 37696K, reserved 1089536K
  class space    used 4818K, committed 4992K, reserved 1048576K
}
Event: 3.592 GC heap before
{Heap before GC invocations=19 (full 0):
 garbage-first heap   total 263168K, used 158550K [0x00000000c1800000, 0x0000000100000000)
  region size 1024K, 93 young (95232K), 3 survivors (3072K)
 Metaspace       used 37563K, committed 37888K, reserved 1089536K
  class space    used 4846K, committed 4992K, reserved 1048576K
}
Event: 3.598 GC heap after
{Heap after GC invocations=20 (full 0):
 garbage-first heap   total 263168K, used 71086K [0x00000000c1800000, 0x0000000100000000)
  region size 1024K, 7 young (7168K), 7 survivors (7168K)
 Metaspace       used 37563K, committed 37888K, reserved 1089536K
  class space    used 4846K, committed 4992K, reserved 1048576K
}
Event: 3.675 GC heap before
{Heap before GC invocations=20 (full 0):
 garbage-first heap   total 263168K, used 201134K [0x00000000c1800000, 0x0000000100000000)
  region size 1024K, 135 young (138240K), 7 survivors (7168K)
 Metaspace       used 37654K, committed 38016K, reserved 1089536K
  class space    used 4851K, committed 4992K, reserved 1048576K
}
Event: 3.683 GC heap after
{Heap after GC invocations=21 (full 0):
 garbage-first heap   total 263168K, used 75668K [0x00000000c1800000, 0x0000000100000000)
  region size 1024K, 11 young (11264K), 11 survivors (11264K)
 Metaspace       used 37654K, committed 38016K, reserved 1089536K
  class space    used 4851K, committed 4992K, reserved 1048576K
}
Event: 3.765 GC heap before
{Heap before GC invocations=21 (full 0):
 garbage-first heap   total 263168K, used 206740K [0x00000000c1800000, 0x0000000100000000)
  region size 1024K, 140 young (143360K), 11 survivors (11264K)
 Metaspace       used 37828K, committed 38144K, reserved 1089536K
  class space    used 4862K, committed 4992K, reserved 1048576K
}
Event: 3.776 GC heap after
{Heap after GC invocations=22 (full 0):
 garbage-first heap   total 263168K, used 81314K [0x00000000c1800000, 0x0000000100000000)
  region size 1024K, 14 young (14336K), 14 survivors (14336K)
 Metaspace       used 37828K, committed 38144K, reserved 1089536K
  class space    used 4862K, committed 4992K, reserved 1048576K
}
Event: 3.852 GC heap before
{Heap before GC invocations=22 (full 0):
 garbage-first heap   total 263168K, used 210338K [0x00000000c1800000, 0x0000000100000000)
  region size 1024K, 141 young (144384K), 14 survivors (14336K)
 Metaspace       used 37873K, committed 38208K, reserved 1089536K
  class space    used 4865K, committed 4992K, reserved 1048576K
}
Event: 3.864 GC heap after
{Heap after GC invocations=23 (full 0):
 garbage-first heap   total 263168K, used 87235K [0x00000000c1800000, 0x0000000100000000)
  region size 1024K, 12 young (12288K), 12 survivors (12288K)
 Metaspace       used 37873K, committed 38208K, reserved 1089536K
  class space    used 4865K, committed 4992K, reserved 1048576K
}
Event: 3.935 GC heap before
{Heap before GC invocations=23 (full 0):
 garbage-first heap   total 263168K, used 214211K [0x00000000c1800000, 0x0000000100000000)
  region size 1024K, 137 young (140288K), 12 survivors (12288K)
 Metaspace       used 37873K, committed 38208K, reserved 1089536K
  class space    used 4865K, committed 4992K, reserved 1048576K
}
Event: 3.947 GC heap after
{Heap after GC invocations=24 (full 0):
 garbage-first heap   total 453632K, used 93542K [0x00000000c1800000, 0x0000000100000000)
  region size 1024K, 12 young (12288K), 12 survivors (12288K)
 Metaspace       used 37873K, committed 38208K, reserved 1089536K
  class space    used 4865K, committed 4992K, reserved 1048576K
}
Event: 4.121 GC heap before
{Heap before GC invocations=24 (full 0):
 garbage-first heap   total 453632K, used 351590K [0x00000000c1800000, 0x0000000100000000)
  region size 1024K, 265 young (271360K), 12 survivors (12288K)
 Metaspace       used 38301K, committed 38592K, reserved 1089536K
  class space    used 4872K, committed 4992K, reserved 1048576K
}
Event: 4.135 GC heap after
{Heap after GC invocations=25 (full 0):
 garbage-first heap   total 453632K, used 102758K [0x00000000c1800000, 0x0000000100000000)
  region size 1024K, 21 young (21504K), 21 survivors (21504K)
 Metaspace       used 38301K, committed 38592K, reserved 1089536K
  class space    used 4872K, committed 4992K, reserved 1048576K
}
Event: 4.279 GC heap before
{Heap before GC invocations=25 (full 0):
 garbage-first heap   total 453632K, used 351590K [0x00000000c1800000, 0x0000000100000000)
  region size 1024K, 265 young (271360K), 21 survivors (21504K)
 Metaspace       used 38427K, committed 38784K, reserved 1089536K
  class space    used 4886K, committed 5056K, reserved 1048576K
}
Event: 4.298 GC heap after
{Heap after GC invocations=26 (full 0):
 garbage-first heap   total 453632K, used 112811K [0x00000000c1800000, 0x0000000100000000)
  region size 1024K, 25 young (25600K), 25 survivors (25600K)
 Metaspace       used 38427K, committed 38784K, reserved 1089536K
  class space    used 4886K, committed 5056K, reserved 1048576K
}
Event: 4.421 GC heap before
{Heap before GC invocations=26 (full 0):
 garbage-first heap   total 453632K, used 357547K [0x00000000c1800000, 0x0000000100000000)
  region size 1024K, 265 young (271360K), 25 survivors (25600K)
 Metaspace       used 38567K, committed 38912K, reserved 1089536K
  class space    used 4900K, committed 5056K, reserved 1048576K
}
Event: 4.444 GC heap after
{Heap after GC invocations=27 (full 0):
 garbage-first heap   total 453632K, used 129771K [0x00000000c1800000, 0x0000000100000000)
  region size 1024K, 27 young (27648K), 27 survivors (27648K)
 Metaspace       used 38567K, committed 38912K, reserved 1089536K
  class space    used 4900K, committed 5056K, reserved 1048576K
}
Event: 4.998 GC heap before
{Heap before GC invocations=27 (full 0):
 garbage-first heap   total 453632K, used 370411K [0x00000000c1800000, 0x0000000100000000)
  region size 1024K, 262 young (268288K), 27 survivors (27648K)
 Metaspace       used 39794K, committed 40192K, reserved 1089536K
  class space    used 5052K, committed 5248K, reserved 1048576K
}
Event: 5.025 GC heap after
{Heap after GC invocations=28 (full 0):
 garbage-first heap   total 535552K, used 148372K [0x00000000c1800000, 0x0000000100000000)
  region size 1024K, 33 young (33792K), 33 survivors (33792K)
 Metaspace       used 39794K, committed 40192K, reserved 1089536K
  class space    used 5052K, committed 5248K, reserved 1048576K
}

