# JRE version: OpenJDK Runtime Environment Temurin-17.0.4.1+1 (17.0.4.1+1) (build 17.0.4.1+1)
# Java VM: OpenJDK 64-Bit Server VM Temurin-17.0.4.1+1 (17.0.4.1+1, mixed mode, emulated-client, tiered, compressed oops, compressed class ptrs, g1 gc, windows-amd64)
GC Precious Log:
 CPUs: 4 total, 4 available
 Memory: 3993M
 Large Page Support: Disabled
 NUMA Support: Disabled
 Compressed Oops: Enabled (32-bit)
 Heap Region Size: 1M
 Heap Min Capacity: 8M
 Heap Initial Capacity: 64M
 Heap Max Capacity: 1000M
 Pre-touch: Disabled
 Parallel Workers: 4
 Concurrent Workers: 1
 Concurrent Refinement Workers: 4
 Periodic GC: Disabled
Heap:
 garbage-first heap   total 101376K, used 70626K [0x00000000c1800000, 0x0000000100000000)
  region size 1024K, 3 young (3072K), 3 survivors (3072K)
 Metaspace       used 38940K, committed 39296K, reserved 1089536K
  class space    used 4925K, committed 5056K, reserved 1048576K
GC Heap History (20 events):
Event: 2.675 GC heap after
{Heap after GC invocations=8 (full 0):
 garbage-first heap   total 58368K, used 17066K [0x00000000c1800000, 0x0000000100000000)
  region size 1024K, 4 young (4096K), 4 survivors (4096K)
 Metaspace       used 33086K, committed 33344K, reserved 1081344K
  class space    used 4223K, committed 4352K, reserved 1048576K
}
Event: 2.867 GC heap before
{Heap before GC invocations=8 (full 0):
 garbage-first heap   total 58368K, used 41642K [0x00000000c1800000, 0x0000000100000000)
  region size 1024K, 29 young (29696K), 4 survivors (4096K)
 Metaspace       used 35463K, committed 35776K, reserved 1081344K
  class space    used 4597K, committed 4736K, reserved 1048576K
}
Event: 2.876 GC heap after
{Heap after GC invocations=9 (full 0):
 garbage-first heap   total 58368K, used 21288K [0x00000000c1800000, 0x0000000100000000)
  region size 1024K, 4 young (4096K), 4 survivors (4096K)
 Metaspace       used 35463K, committed 35776K, reserved 1081344K
  class space    used 4597K, committed 4736K, reserved 1048576K
}
Event: 2.965 GC heap before
{Heap before GC invocations=9 (full 0):
 garbage-first heap   total 58368K, used 41768K [0x00000000c1800000, 0x0000000100000000)
  region size 1024K, 25 young (25600K), 4 survivors (4096K)
 Metaspace       used 35539K, committed 35840K, reserved 1081344K
  class space    used 4610K, committed 4736K, reserved 1048576K
}
Event: 2.974 GC heap after
{Heap after GC invocations=10 (full 0):
 garbage-first heap   total 58368K, used 25364K [0x00000000c1800000, 0x0000000100000000)
  region size 1024K, 4 young (4096K), 4 survivors (4096K)
 Metaspace       used 35539K, committed 35840K, reserved 1081344K
  class space    used 4610K, committed 4736K, reserved 1048576K
}
Event: 3.019 GC heap before
{Heap before GC invocations=10 (full 0):
 garbage-first heap   total 58368K, used 35604K [0x00000000c1800000, 0x0000000100000000)
  region size 1024K, 16 young (16384K), 4 survivors (4096K)
 Metaspace       used 35905K, committed 36160K, reserved 1081344K
  class space    used 4644K, committed 4736K, reserved 1048576K
}
Event: 3.026 GC heap after
{Heap after GC invocations=11 (full 0):
 garbage-first heap   total 81920K, used 28385K [0x00000000c1800000, 0x0000000100000000)
  region size 1024K, 3 young (3072K), 3 survivors (3072K)
 Metaspace       used 35905K, committed 36160K, reserved 1081344K
  class space    used 4644K, committed 4736K, reserved 1048576K
}
Event: 3.147 GC heap before
{Heap before GC invocations=12 (full 0):
 garbage-first heap   total 81920K, used 57057K [0x00000000c1800000, 0x0000000100000000)
  region size 1024K, 32 young (32768K), 3 survivors (3072K)
 Metaspace       used 36656K, committed 36992K, reserved 1081344K
  class space    used 4714K, committed 4864K, reserved 1048576K
}
Event: 3.155 GC heap after
{Heap after GC invocations=13 (full 0):
 garbage-first heap   total 81920K, used 32477K [0x00000000c1800000, 0x0000000100000000)
  region size 1024K, 4 young (4096K), 4 survivors (4096K)
 Metaspace       used 36656K, committed 36992K, reserved 1081344K
  class space    used 4714K, committed 4864K, reserved 1048576K
}
Event: 3.233 GC heap before
{Heap before GC invocations=14 (full 0):
 garbage-first heap   total 83968K, used 58077K [0x00000000c1800000, 0x0000000100000000)
  region size 1024K, 30 young (30720K), 4 survivors (4096K)
 Metaspace       used 37376K, committed 37696K, reserved 1089536K
  class space    used 4753K, committed 4864K, reserved 1048576K
}
Event: 3.243 GC heap after
{Heap after GC invocations=15 (full 0):
 garbage-first heap   total 83968K, used 36971K [0x00000000c1800000, 0x0000000100000000)
  region size 1024K, 4 young (4096K), 4 survivors (4096K)
 Metaspace       used 37376K, committed 37696K, reserved 1089536K
  class space    used 4753K, committed 4864K, reserved 1048576K
}
Event: 3.312 GC heap before
{Heap before GC invocations=15 (full 0):
 garbage-first heap   total 83968K, used 60523K [0x00000000c1800000, 0x0000000100000000)
  region size 1024K, 28 young (28672K), 4 survivors (4096K)
 Metaspace       used 37794K, committed 38080K, reserved 1089536K
  class space    used 4782K, committed 4928K, reserved 1048576K
}
Event: 3.326 GC heap after
{Heap after GC invocations=16 (full 0):
 garbage-first heap   total 83968K, used 44002K [0x00000000c1800000, 0x0000000100000000)
  region size 1024K, 4 young (4096K), 4 survivors (4096K)
 Metaspace       used 37794K, committed 38080K, reserved 1089536K
  class space    used 4782K, committed 4928K, reserved 1048576K
}
Event: 3.391 GC heap before
{Heap before GC invocations=16 (full 0):
 garbage-first heap   total 83968K, used 61410K [0x00000000c1800000, 0x0000000100000000)
  region size 1024K, 22 young (22528K), 4 survivors (4096K)
 Metaspace       used 38075K, committed 38400K, reserved 1089536K
  class space    used 4808K, committed 4992K, reserved 1048576K
}
Event: 3.402 GC heap after
{Heap after GC invocations=17 (full 0):
 garbage-first heap   total 83968K, used 48950K [0x00000000c1800000, 0x0000000100000000)
  region size 1024K, 3 young (3072K), 3 survivors (3072K)
 Metaspace       used 38075K, committed 38400K, reserved 1089536K
  class space    used 4808K, committed 4992K, reserved 1048576K
}
Event: 3.520 GC heap before
{Heap before GC invocations=17 (full 0):
 garbage-first heap   total 101376K, used 62262K [0x00000000c1800000, 0x0000000100000000)
  region size 1024K, 17 young (17408K), 3 survivors (3072K)
 Metaspace       used 38449K, committed 38784K, reserved 1089536K
  class space    used 4853K, committed 4992K, reserved 1048576K
}
Event: 3.529 GC heap after
{Heap after GC invocations=18 (full 0):
 garbage-first heap   total 101376K, used 51170K [0x00000000c1800000, 0x0000000100000000)
  region size 1024K, 2 young (2048K), 2 survivors (2048K)
 Metaspace       used 38449K, committed 38784K, reserved 1089536K
  class space    used 4853K, committed 4992K, reserved 1048576K
}
Event: 3.618 GC heap before
{Heap before GC invocations=19 (full 0):
 garbage-first heap   total 101376K, used 72674K [0x00000000c1800000, 0x0000000100000000)
  region size 1024K, 23 young (23552K), 2 survivors (2048K)
 Metaspace       used 38851K, committed 39232K, reserved 1089536K
  class space    used 4916K, committed 5056K, reserved 1048576K
}
Event: 3.633 GC heap after
{Heap after GC invocations=20 (full 0):
 garbage-first heap   total 101376K, used 61774K [0x00000000c1800000, 0x0000000100000000)
  region size 1024K, 4 young (4096K), 4 survivors (4096K)
 Metaspace       used 38851K, committed 39232K, reserved 1089536K
  class space    used 4916K, committed 5056K, reserved 1048576K
}
Event: 3.685 GC heap before
{Heap before GC invocations=20 (full 0):
 garbage-first heap   total 101376K, used 78158K [0x00000000c1800000, 0x0000000100000000)
  region size 1024K, 19 young (19456K), 4 survivors (4096K)
 Metaspace       used 38940K, committed 39296K, reserved 1089536K
  class space    used 4925K, committed 5056K, reserved 1048576K
}

