# JRE version: OpenJDK Runtime Environment Temurin-17.0.5+8 (17.0.5+8) (build 17.0.5+8)
# Java VM: OpenJDK 64-Bit Server VM Temurin-17.0.5+8 (17.0.5+8, mixed mode, emulated-client, tiered, compressed oops, compressed class ptrs, g1 gc, windows-amd64)
GC Precious Log:
 CPUs: 4 total, 4 available
 Memory: 3993M
 Large Page Support: Disabled
 NUMA Support: Disabled
 Compressed Oops: Enabled (32-bit)
 Heap Region Size: 1M
 Heap Min Capacity: 8M
 Heap Initial Capacity: 64M
 Heap Max Capacity: 1000M
 Pre-touch: Disabled
 Parallel Workers: 4
 Concurrent Workers: 1
 Concurrent Refinement Workers: 4
 Periodic GC: Disabled
Heap:
 garbage-first heap   total 119808K, used 35649K [0x00000000c1800000, 0x0000000100000000)
  region size 1024K, 1 young (1024K), 0 survivors (0K)
 Metaspace       used 57736K, committed 58176K, reserved 1105920K
  class space    used 7934K, committed 8128K, reserved 1048576K
GC Heap History (20 events):
Event: 8682.726 GC heap before
{Heap before GC invocations=806 (full 770):
 garbage-first heap   total 119808K, used 35649K [0x00000000c1800000, 0x0000000100000000)
  region size 1024K, 1 young (1024K), 0 survivors (0K)
 Metaspace       used 57736K, committed 58176K, reserved 1105920K
  class space    used 7934K, committed 8128K, reserved 1048576K
}
Event: 8682.769 GC heap after
{Heap after GC invocations=807 (full 771):
 garbage-first heap   total 119808K, used 35649K [0x00000000c1800000, 0x0000000100000000)
  region size 1024K, 0 young (0K), 0 survivors (0K)
 Metaspace       used 57736K, committed 58176K, reserved 1105920K
  class space    used 7934K, committed 8128K, reserved 1048576K
}
Event: 8693.232 GC heap before
{Heap before GC invocations=807 (full 771):
 garbage-first heap   total 119808K, used 35649K [0x00000000c1800000, 0x0000000100000000)
  region size 1024K, 1 young (1024K), 0 survivors (0K)
 Metaspace       used 57736K, committed 58176K, reserved 1105920K
  class space    used 7934K, committed 8128K, reserved 1048576K
}
Event: 8693.298 GC heap after
{Heap after GC invocations=808 (full 772):
 garbage-first heap   total 119808K, used 35649K [0x00000000c1800000, 0x0000000100000000)
  region size 1024K, 0 young (0K), 0 survivors (0K)
 Metaspace       used 57736K, committed 58176K, reserved 1105920K
  class space    used 7934K, committed 8128K, reserved 1048576K
}
Event: 8703.436 GC heap before
{Heap before GC invocations=808 (full 772):
 garbage-first heap   total 119808K, used 35649K [0x00000000c1800000, 0x0000000100000000)
  region size 1024K, 1 young (1024K), 0 survivors (0K)
 Metaspace       used 57736K, committed 58176K, reserved 1105920K
  class space    used 7934K, committed 8128K, reserved 1048576K
}
Event: 8703.481 GC heap after
{Heap after GC invocations=809 (full 773):
 garbage-first heap   total 119808K, used 35649K [0x00000000c1800000, 0x0000000100000000)
  region size 1024K, 0 young (0K), 0 survivors (0K)
 Metaspace       used 57736K, committed 58176K, reserved 1105920K
  class space    used 7934K, committed 8128K, reserved 1048576K
}
Event: 8713.690 GC heap before
{Heap before GC invocations=809 (full 773):
 garbage-first heap   total 119808K, used 35649K [0x00000000c1800000, 0x0000000100000000)
  region size 1024K, 1 young (1024K), 0 survivors (0K)
 Metaspace       used 57736K, committed 58176K, reserved 1105920K
  class space    used 7934K, committed 8128K, reserved 1048576K
}
Event: 8713.749 GC heap after
{Heap after GC invocations=810 (full 774):
 garbage-first heap   total 119808K, used 35649K [0x00000000c1800000, 0x0000000100000000)
  region size 1024K, 0 young (0K), 0 survivors (0K)
 Metaspace       used 57736K, committed 58176K, reserved 1105920K
  class space    used 7934K, committed 8128K, reserved 1048576K
}
Event: 8727.964 GC heap before
{Heap before GC invocations=810 (full 774):
 garbage-first heap   total 119808K, used 35649K [0x00000000c1800000, 0x0000000100000000)
  region size 1024K, 1 young (1024K), 0 survivors (0K)
 Metaspace       used 57736K, committed 58176K, reserved 1105920K
  class space    used 7934K, committed 8128K, reserved 1048576K
}
Event: 8728.055 GC heap after
{Heap after GC invocations=811 (full 775):
 garbage-first heap   total 119808K, used 35649K [0x00000000c1800000, 0x0000000100000000)
  region size 1024K, 0 young (0K), 0 survivors (0K)
 Metaspace       used 57736K, committed 58176K, reserved 1105920K
  class space    used 7934K, committed 8128K, reserved 1048576K
}
Event: 8738.199 GC heap before
{Heap before GC invocations=811 (full 775):
 garbage-first heap   total 119808K, used 35649K [0x00000000c1800000, 0x0000000100000000)
  region size 1024K, 1 young (1024K), 0 survivors (0K)
 Metaspace       used 57736K, committed 58176K, reserved 1105920K
  class space    used 7934K, committed 8128K, reserved 1048576K
}
Event: 8738.269 GC heap after
{Heap after GC invocations=812 (full 776):
 garbage-first heap   total 119808K, used 35649K [0x00000000c1800000, 0x0000000100000000)
  region size 1024K, 0 young (0K), 0 survivors (0K)
 Metaspace       used 57736K, committed 58176K, reserved 1105920K
  class space    used 7934K, committed 8128K, reserved 1048576K
}
Event: 8748.377 GC heap before
{Heap before GC invocations=812 (full 776):
 garbage-first heap   total 119808K, used 35649K [0x00000000c1800000, 0x0000000100000000)
  region size 1024K, 1 young (1024K), 0 survivors (0K)
 Metaspace       used 57736K, committed 58176K, reserved 1105920K
  class space    used 7934K, committed 8128K, reserved 1048576K
}
Event: 8748.442 GC heap after
{Heap after GC invocations=813 (full 777):
 garbage-first heap   total 119808K, used 35649K [0x00000000c1800000, 0x0000000100000000)
  region size 1024K, 0 young (0K), 0 survivors (0K)
 Metaspace       used 57736K, committed 58176K, reserved 1105920K
  class space    used 7934K, committed 8128K, reserved 1048576K
}
Event: 8758.547 GC heap before
{Heap before GC invocations=813 (full 777):
 garbage-first heap   total 119808K, used 35649K [0x00000000c1800000, 0x0000000100000000)
  region size 1024K, 1 young (1024K), 0 survivors (0K)
 Metaspace       used 57736K, committed 58176K, reserved 1105920K
  class space    used 7934K, committed 8128K, reserved 1048576K
}
Event: 8758.599 GC heap after
{Heap after GC invocations=814 (full 778):
 garbage-first heap   total 119808K, used 35649K [0x00000000c1800000, 0x0000000100000000)
  region size 1024K, 0 young (0K), 0 survivors (0K)
 Metaspace       used 57736K, committed 58176K, reserved 1105920K
  class space    used 7934K, committed 8128K, reserved 1048576K
}
Event: 8770.359 GC heap before
{Heap before GC invocations=814 (full 778):
 garbage-first heap   total 119808K, used 35649K [0x00000000c1800000, 0x0000000100000000)
  region size 1024K, 1 young (1024K), 0 survivors (0K)
 Metaspace       used 57736K, committed 58176K, reserved 1105920K
  class space    used 7934K, committed 8128K, reserved 1048576K
}
Event: 8770.411 GC heap after
{Heap after GC invocations=815 (full 779):
 garbage-first heap   total 119808K, used 35649K [0x00000000c1800000, 0x0000000100000000)
  region size 1024K, 0 young (0K), 0 survivors (0K)
 Metaspace       used 57736K, committed 58176K, reserved 1105920K
  class space    used 7934K, committed 8128K, reserved 1048576K
}
Event: 8782.221 GC heap before
{Heap before GC invocations=815 (full 779):
 garbage-first heap   total 119808K, used 35649K [0x00000000c1800000, 0x0000000100000000)
  region size 1024K, 1 young (1024K), 0 survivors (0K)
 Metaspace       used 57736K, committed 58176K, reserved 1105920K
  class space    used 7934K, committed 8128K, reserved 1048576K
}
Event: 8782.314 GC heap after
{Heap after GC invocations=816 (full 780):
 garbage-first heap   total 119808K, used 35649K [0x00000000c1800000, 0x0000000100000000)
  region size 1024K, 0 young (0K), 0 survivors (0K)
 Metaspace       used 57736K, committed 58176K, reserved 1105920K
  class space    used 7934K, committed 8128K, reserved 1048576K
}

