# JRE version: OpenJDK Runtime Environment Temurin-17.0.4.1+1 (17.0.4.1+1) (build 17.0.4.1+1)
# Java VM: OpenJDK 64-Bit Server VM Temurin-17.0.4.1+1 (17.0.4.1+1, mixed mode, emulated-client, tiered, compressed oops, compressed class ptrs, g1 gc, windows-amd64)
GC Precious Log:
 CPUs: 4 total, 4 available
 Memory: 3993M
 Large Page Support: Disabled
 NUMA Support: Disabled
 Compressed Oops: Enabled (32-bit)
 Heap Region Size: 1M
 Heap Min Capacity: 8M
 Heap Initial Capacity: 64M
 Heap Max Capacity: 1000M
 Pre-touch: Disabled
 Parallel Workers: 4
 Concurrent Workers: 1
 Concurrent Refinement Workers: 4
 Periodic GC: Disabled
Heap:
 garbage-first heap   total 223232K, used 78899K [0x00000000c1800000, 0x0000000100000000)
  region size 1024K, 5 young (5120K), 5 survivors (5120K)
 Metaspace       used 37216K, committed 37504K, reserved 1089536K
  class space    used 4807K, committed 4928K, reserved 1048576K
GC Heap History (20 events):
Event: 4.476 GC heap after
{Heap after GC invocations=12 (full 0):
 garbage-first heap   total 101376K, used 31232K [0x00000000c1800000, 0x0000000100000000)
  region size 1024K, 3 young (3072K), 3 survivors (3072K)
 Metaspace       used 33989K, committed 34304K, reserved 1081344K
  class space    used 4331K, committed 4480K, reserved 1048576K
}
Event: 4.615 GC heap before
{Heap before GC invocations=13 (full 0):
 garbage-first heap   total 101376K, used 73216K [0x00000000c1800000, 0x0000000100000000)
  region size 1024K, 44 young (45056K), 3 survivors (3072K)
 Metaspace       used 34486K, committed 34816K, reserved 1081344K
  class space    used 4409K, committed 4608K, reserved 1048576K
}
Event: 4.630 GC heap after
{Heap after GC invocations=14 (full 0):
 garbage-first heap   total 101376K, used 39915K [0x00000000c1800000, 0x0000000100000000)
  region size 1024K, 6 young (6144K), 6 survivors (6144K)
 Metaspace       used 34486K, committed 34816K, reserved 1081344K
  class space    used 4409K, committed 4608K, reserved 1048576K
}
Event: 4.824 GC heap before
{Heap before GC invocations=14 (full 0):
 garbage-first heap   total 101376K, used 71659K [0x00000000c1800000, 0x0000000100000000)
  region size 1024K, 37 young (37888K), 6 survivors (6144K)
 Metaspace       used 35552K, committed 35840K, reserved 1081344K
  class space    used 4600K, committed 4736K, reserved 1048576K
}
Event: 4.841 GC heap after
{Heap after GC invocations=15 (full 0):
 garbage-first heap   total 101376K, used 47630K [0x00000000c1800000, 0x0000000100000000)
  region size 1024K, 5 young (5120K), 5 survivors (5120K)
 Metaspace       used 35552K, committed 35840K, reserved 1081344K
  class space    used 4600K, committed 4736K, reserved 1048576K
}
Event: 4.942 GC heap before
{Heap before GC invocations=15 (full 0):
 garbage-first heap   total 101376K, used 75278K [0x00000000c1800000, 0x0000000100000000)
  region size 1024K, 31 young (31744K), 5 survivors (5120K)
 Metaspace       used 36250K, committed 36544K, reserved 1081344K
  class space    used 4733K, committed 4864K, reserved 1048576K
}
Event: 4.970 GC heap after
{Heap after GC invocations=16 (full 0):
 garbage-first heap   total 101376K, used 62250K [0x00000000c1800000, 0x0000000100000000)
  region size 1024K, 4 young (4096K), 4 survivors (4096K)
 Metaspace       used 36250K, committed 36544K, reserved 1081344K
  class space    used 4733K, committed 4864K, reserved 1048576K
}
Event: 5.009 GC heap before
{Heap before GC invocations=16 (full 0):
 garbage-first heap   total 101376K, used 75562K [0x00000000c1800000, 0x0000000100000000)
  region size 1024K, 18 young (18432K), 4 survivors (4096K)
 Metaspace       used 36530K, committed 36864K, reserved 1081344K
  class space    used 4749K, committed 4928K, reserved 1048576K
}
Event: 5.017 GC heap after
{Heap after GC invocations=17 (full 0):
 garbage-first heap   total 101376K, used 64957K [0x00000000c1800000, 0x0000000100000000)
  region size 1024K, 2 young (2048K), 2 survivors (2048K)
 Metaspace       used 36530K, committed 36864K, reserved 1081344K
  class space    used 4749K, committed 4928K, reserved 1048576K
}
Event: 5.039 GC heap before
{Heap before GC invocations=17 (full 0):
 garbage-first heap   total 101376K, used 77245K [0x00000000c1800000, 0x0000000100000000)
  region size 1024K, 15 young (15360K), 2 survivors (2048K)
 Metaspace       used 36576K, committed 36928K, reserved 1081344K
  class space    used 4752K, committed 4928K, reserved 1048576K
}
Event: 5.044 GC heap after
{Heap after GC invocations=18 (full 0):
 garbage-first heap   total 223232K, used 65660K [0x00000000c1800000, 0x0000000100000000)
  region size 1024K, 1 young (1024K), 1 survivors (1024K)
 Metaspace       used 36576K, committed 36928K, reserved 1081344K
  class space    used 4752K, committed 4928K, reserved 1048576K
}
Event: 5.122 GC heap before
{Heap before GC invocations=18 (full 0):
 garbage-first heap   total 223232K, used 133244K [0x00000000c1800000, 0x0000000100000000)
  region size 1024K, 68 young (69632K), 1 survivors (1024K)
 Metaspace       used 36679K, committed 36992K, reserved 1081344K
  class space    used 4763K, committed 4928K, reserved 1048576K
}
Event: 5.125 GC heap after
{Heap after GC invocations=19 (full 0):
 garbage-first heap   total 223232K, used 68359K [0x00000000c1800000, 0x0000000100000000)
  region size 1024K, 4 young (4096K), 4 survivors (4096K)
 Metaspace       used 36679K, committed 36992K, reserved 1081344K
  class space    used 4763K, committed 4928K, reserved 1048576K
}
Event: 5.207 GC heap before
{Heap before GC invocations=19 (full 0):
 garbage-first heap   total 223232K, used 157447K [0x00000000c1800000, 0x0000000100000000)
  region size 1024K, 93 young (95232K), 4 survivors (4096K)
 Metaspace       used 36882K, committed 37184K, reserved 1081344K
  class space    used 4774K, committed 4928K, reserved 1048576K
}
Event: 5.213 GC heap after
{Heap after GC invocations=20 (full 0):
 garbage-first heap   total 223232K, used 70933K [0x00000000c1800000, 0x0000000100000000)
  region size 1024K, 7 young (7168K), 7 survivors (7168K)
 Metaspace       used 36882K, committed 37184K, reserved 1081344K
  class space    used 4774K, committed 4928K, reserved 1048576K
}
Event: 5.279 GC heap before
{Heap before GC invocations=21 (full 0):
 garbage-first heap   total 223232K, used 163093K [0x00000000c1800000, 0x0000000100000000)
  region size 1024K, 98 young (100352K), 7 survivors (7168K)
 Metaspace       used 36976K, committed 37248K, reserved 1081344K
  class space    used 4784K, committed 4928K, reserved 1048576K
}
Event: 5.286 GC heap after
{Heap after GC invocations=22 (full 0):
 garbage-first heap   total 223232K, used 74635K [0x00000000c1800000, 0x0000000100000000)
  region size 1024K, 10 young (10240K), 10 survivors (10240K)
 Metaspace       used 36976K, committed 37248K, reserved 1081344K
  class space    used 4784K, committed 4928K, reserved 1048576K
}
Event: 5.288 GC heap before
{Heap before GC invocations=22 (full 0):
 garbage-first heap   total 223232K, used 75659K [0x00000000c1800000, 0x0000000100000000)
  region size 1024K, 12 young (12288K), 10 survivors (10240K)
 Metaspace       used 36976K, committed 37248K, reserved 1081344K
  class space    used 4784K, committed 4928K, reserved 1048576K
}
Event: 5.295 GC heap after
{Heap after GC invocations=23 (full 0):
 garbage-first heap   total 223232K, used 75565K [0x00000000c1800000, 0x0000000100000000)
  region size 1024K, 2 young (2048K), 2 survivors (2048K)
 Metaspace       used 36976K, committed 37248K, reserved 1081344K
  class space    used 4784K, committed 4928K, reserved 1048576K
}
Event: 5.360 GC heap before
{Heap before GC invocations=23 (full 0):
 garbage-first heap   total 223232K, used 169773K [0x00000000c1800000, 0x0000000100000000)
  region size 1024K, 95 young (97280K), 2 survivors (2048K)
 Metaspace       used 37216K, committed 37504K, reserved 1089536K
  class space    used 4807K, committed 4928K, reserved 1048576K
}

