# JRE version: OpenJDK Runtime Environment Temurin-17.0.4.1+1 (17.0.4.1+1) (build 17.0.4.1+1)
# Java VM: OpenJDK 64-Bit Server VM Temurin-17.0.4.1+1 (17.0.4.1+1, mixed mode, emulated-client, tiered, compressed oops, compressed class ptrs, g1 gc, windows-amd64)
GC Precious Log:
 CPUs: 4 total, 4 available
 Memory: 3993M
 Large Page Support: Disabled
 NUMA Support: Disabled
 Compressed Oops: Enabled (32-bit)
 Heap Region Size: 1M
 Heap Min Capacity: 8M
 Heap Initial Capacity: 64M
 Heap Max Capacity: 1000M
 Pre-touch: Disabled
 Parallel Workers: 4
 Concurrent Workers: 1
 Concurrent Refinement Workers: 4
 Periodic GC: Disabled
Heap:
 garbage-first heap   total 116736K, used 70246K [0x00000000c1800000, 0x0000000100000000)
  region size 1024K, 3 young (3072K), 3 survivors (3072K)
 Metaspace       used 38706K, committed 39040K, reserved 1089536K
  class space    used 4895K, committed 5056K, reserved 1048576K
GC Heap History (20 events):
Event: 2.427 GC heap after
{Heap after GC invocations=7 (full 0):
 garbage-first heap   total 51200K, used 13492K [0x00000000c1800000, 0x0000000100000000)
  region size 1024K, 1 young (1024K), 1 survivors (1024K)
 Metaspace       used 25670K, committed 25920K, reserved 1073152K
  class space    used 3145K, committed 3264K, reserved 1048576K
}
Event: 2.899 GC heap before
{Heap before GC invocations=7 (full 0):
 garbage-first heap   total 51200K, used 34996K [0x00000000c1800000, 0x0000000100000000)
  region size 1024K, 22 young (22528K), 1 survivors (1024K)
 Metaspace       used 28939K, committed 29248K, reserved 1081344K
  class space    used 3617K, committed 3776K, reserved 1048576K
}
Event: 2.905 GC heap after
{Heap after GC invocations=8 (full 0):
 garbage-first heap   total 74752K, used 15440K [0x00000000c1800000, 0x0000000100000000)
  region size 1024K, 3 young (3072K), 3 survivors (3072K)
 Metaspace       used 28939K, committed 29248K, reserved 1081344K
  class space    used 3617K, committed 3776K, reserved 1048576K
}
Event: 3.661 GC heap before
{Heap before GC invocations=8 (full 0):
 garbage-first heap   total 74752K, used 53328K [0x00000000c1800000, 0x0000000100000000)
  region size 1024K, 40 young (40960K), 3 survivors (3072K)
 Metaspace       used 35099K, committed 35392K, reserved 1081344K
  class space    used 4533K, committed 4672K, reserved 1048576K
}
Event: 3.670 GC heap after
{Heap after GC invocations=9 (full 0):
 garbage-first heap   total 74752K, used 18795K [0x00000000c1800000, 0x0000000100000000)
  region size 1024K, 5 young (5120K), 5 survivors (5120K)
 Metaspace       used 35099K, committed 35392K, reserved 1081344K
  class space    used 4533K, committed 4672K, reserved 1048576K
}
Event: 3.787 GC heap before
{Heap before GC invocations=9 (full 0):
 garbage-first heap   total 74752K, used 52587K [0x00000000c1800000, 0x0000000100000000)
  region size 1024K, 39 young (39936K), 5 survivors (5120K)
 Metaspace       used 35237K, committed 35584K, reserved 1081344K
  class space    used 4554K, committed 4736K, reserved 1048576K
}
Event: 3.801 GC heap after
{Heap after GC invocations=10 (full 0):
 garbage-first heap   total 74752K, used 25499K [0x00000000c1800000, 0x0000000100000000)
  region size 1024K, 5 young (5120K), 5 survivors (5120K)
 Metaspace       used 35237K, committed 35584K, reserved 1081344K
  class space    used 4554K, committed 4736K, reserved 1048576K
}
Event: 3.912 GC heap before
{Heap before GC invocations=10 (full 0):
 garbage-first heap   total 74752K, used 54171K [0x00000000c1800000, 0x0000000100000000)
  region size 1024K, 33 young (33792K), 5 survivors (5120K)
 Metaspace       used 35927K, committed 36288K, reserved 1081344K
  class space    used 4649K, committed 4800K, reserved 1048576K
}
Event: 3.923 GC heap after
{Heap after GC invocations=11 (full 0):
 garbage-first heap   total 74752K, used 31224K [0x00000000c1800000, 0x0000000100000000)
  region size 1024K, 5 young (5120K), 5 survivors (5120K)
 Metaspace       used 35927K, committed 36288K, reserved 1081344K
  class space    used 4649K, committed 4800K, reserved 1048576K
}
Event: 3.933 GC heap before
{Heap before GC invocations=11 (full 0):
 garbage-first heap   total 74752K, used 34296K [0x00000000c1800000, 0x0000000100000000)
  region size 1024K, 9 young (9216K), 5 survivors (5120K)
 Metaspace       used 35973K, committed 36288K, reserved 1081344K
  class space    used 4652K, committed 4800K, reserved 1048576K
}
Event: 3.939 GC heap after
{Heap after GC invocations=12 (full 0):
 garbage-first heap   total 116736K, used 31912K [0x00000000c1800000, 0x0000000100000000)
  region size 1024K, 1 young (1024K), 1 survivors (1024K)
 Metaspace       used 35973K, committed 36288K, reserved 1081344K
  class space    used 4652K, committed 4800K, reserved 1048576K
}
Event: 4.095 GC heap before
{Heap before GC invocations=13 (full 0):
 garbage-first heap   total 116736K, used 81064K [0x00000000c1800000, 0x0000000100000000)
  region size 1024K, 50 young (51200K), 1 survivors (1024K)
 Metaspace       used 36847K, committed 37184K, reserved 1081344K
  class space    used 4731K, committed 4864K, reserved 1048576K
}
Event: 4.110 GC heap after
{Heap after GC invocations=14 (full 0):
 garbage-first heap   total 116736K, used 41191K [0x00000000c1800000, 0x0000000100000000)
  region size 1024K, 7 young (7168K), 7 survivors (7168K)
 Metaspace       used 36847K, committed 37184K, reserved 1081344K
  class space    used 4731K, committed 4864K, reserved 1048576K
}
Event: 4.319 GC heap before
{Heap before GC invocations=14 (full 0):
 garbage-first heap   total 116736K, used 83175K [0x00000000c1800000, 0x0000000100000000)
  region size 1024K, 48 young (49152K), 7 survivors (7168K)
 Metaspace       used 38419K, committed 38720K, reserved 1089536K
  class space    used 4847K, committed 4992K, reserved 1048576K
}
Event: 4.346 GC heap after
{Heap after GC invocations=15 (full 0):
 garbage-first heap   total 116736K, used 54875K [0x00000000c1800000, 0x0000000100000000)
  region size 1024K, 6 young (6144K), 6 survivors (6144K)
 Metaspace       used 38419K, committed 38720K, reserved 1089536K
  class space    used 4847K, committed 4992K, reserved 1048576K
}
Event: 4.438 GC heap before
{Heap before GC invocations=15 (full 0):
 garbage-first heap   total 116736K, used 85595K [0x00000000c1800000, 0x0000000100000000)
  region size 1024K, 36 young (36864K), 6 survivors (6144K)
 Metaspace       used 38633K, committed 38976K, reserved 1089536K
  class space    used 4877K, committed 5056K, reserved 1048576K
}
Event: 4.466 GC heap after
{Heap after GC invocations=16 (full 0):
 garbage-first heap   total 116736K, used 67072K [0x00000000c1800000, 0x0000000100000000)
  region size 1024K, 5 young (5120K), 5 survivors (5120K)
 Metaspace       used 38633K, committed 38976K, reserved 1089536K
  class space    used 4877K, committed 5056K, reserved 1048576K
}
Event: 4.495 GC heap before
{Heap before GC invocations=16 (full 0):
 garbage-first heap   total 116736K, used 86528K [0x00000000c1800000, 0x0000000100000000)
  region size 1024K, 25 young (25600K), 5 survivors (5120K)
 Metaspace       used 38674K, committed 39040K, reserved 1089536K
  class space    used 4888K, committed 5056K, reserved 1048576K
}
Event: 4.501 GC heap after
{Heap after GC invocations=17 (full 0):
 garbage-first heap   total 116736K, used 69653K [0x00000000c1800000, 0x0000000100000000)
  region size 1024K, 2 young (2048K), 2 survivors (2048K)
 Metaspace       used 38674K, committed 39040K, reserved 1089536K
  class space    used 4888K, committed 5056K, reserved 1048576K
}
Event: 4.522 GC heap before
{Heap before GC invocations=17 (full 0):
 garbage-first heap   total 116736K, used 89109K [0x00000000c1800000, 0x0000000100000000)
  region size 1024K, 22 young (22528K), 2 survivors (2048K)
 Metaspace       used 38706K, committed 39040K, reserved 1089536K
  class space    used 4895K, committed 5056K, reserved 1048576K
}

