# JRE version: Java(TM) SE Runtime Environment 18.9 (11.0.9+7) (build 11.0.9+7-LTS)
# Java VM: Java HotSpot(TM) 64-Bit Server VM 18.9 (11.0.9+7-LTS, mixed mode, tiered, compressed oops, g1 gc, windows-amd64)
Heap:
 garbage-first heap   total 102400K, used 78148K [0x00000000c1800000, 0x0000000100000000)
  region size 1024K, 48 young (49152K), 7 survivors (7168K)
 Metaspace       used 86144K, capacity 88552K, committed 88704K, reserved 1126400K
  class space    used 10167K, capacity 11051K, committed 11136K, reserved 1048576K
GC Heap History (10 events):
Event: 20677.703 GC heap before
{Heap before GC invocations=56 (full 4):
 garbage-first heap   total 102400K, used 80126K [0x00000000c1800000, 0x0000000100000000)
  region size 1024K, 51 young (52224K), 4 survivors (4096K)
 Metaspace       used 85087K, capacity 87416K, committed 87552K, reserved 1126400K
  class space    used 10102K, capacity 10976K, committed 11008K, reserved 1048576K
}
Event: 20677.715 GC heap after
{Heap after GC invocations=57 (full 4):
 garbage-first heap   total 102400K, used 36939K [0x00000000c1800000, 0x0000000100000000)
  region size 1024K, 7 young (7168K), 7 survivors (7168K)
 Metaspace       used 85087K, capacity 87416K, committed 87552K, reserved 1126400K
  class space    used 10102K, capacity 10976K, committed 11008K, reserved 1048576K
}
Event: 20686.057 GC heap before
{Heap before GC invocations=57 (full 4):
 garbage-first heap   total 102400K, used 76875K [0x00000000c1800000, 0x0000000100000000)
  region size 1024K, 47 young (48128K), 7 survivors (7168K)
 Metaspace       used 85325K, capacity 87695K, committed 87808K, reserved 1126400K
  class space    used 10121K, capacity 10994K, committed 11008K, reserved 1048576K
}
Event: 20686.167 GC heap after
{Heap after GC invocations=58 (full 5):
 garbage-first heap   total 102400K, used 29927K [0x00000000c1800000, 0x0000000100000000)
  region size 1024K, 0 young (0K), 0 survivors (0K)
 Metaspace       used 85322K, capacity 87689K, committed 87808K, reserved 1126400K
  class space    used 10120K, capacity 10992K, committed 11008K, reserved 1048576K
}
Event: 20686.708 GC heap before
{Heap before GC invocations=58 (full 5):
 garbage-first heap   total 102400K, used 80103K [0x00000000c1800000, 0x0000000100000000)
  region size 1024K, 50 young (51200K), 0 survivors (0K)
 Metaspace       used 85520K, capacity 87952K, committed 88192K, reserved 1126400K
  class space    used 10134K, capacity 11035K, committed 11136K, reserved 1048576K
}
Event: 20686.713 GC heap after
{Heap after GC invocations=59 (full 5):
 garbage-first heap   total 102400K, used 32733K [0x00000000c1800000, 0x0000000100000000)
  region size 1024K, 3 young (3072K), 3 survivors (3072K)
 Metaspace       used 85520K, capacity 87952K, committed 88192K, reserved 1126400K
  class space    used 10134K, capacity 11035K, committed 11136K, reserved 1048576K
}
Event: 20686.915 GC heap before
{Heap before GC invocations=59 (full 5):
 garbage-first heap   total 102400K, used 80861K [0x00000000c1800000, 0x0000000100000000)
  region size 1024K, 51 young (52224K), 3 survivors (3072K)
 Metaspace       used 85552K, capacity 87952K, committed 88192K, reserved 1126400K
  class space    used 10134K, capacity 11035K, committed 11136K, reserved 1048576K
}
Event: 20686.922 GC heap after
{Heap after GC invocations=60 (full 5):
 garbage-first heap   total 102400K, used 33421K [0x00000000c1800000, 0x0000000100000000)
  region size 1024K, 4 young (4096K), 4 survivors (4096K)
 Metaspace       used 85552K, capacity 87952K, committed 88192K, reserved 1126400K
  class space    used 10134K, capacity 11035K, committed 11136K, reserved 1048576K
}
Event: 20688.447 GC heap before
{Heap before GC invocations=60 (full 5):
 garbage-first heap   total 102400K, used 81549K [0x00000000c1800000, 0x0000000100000000)
  region size 1024K, 52 young (53248K), 4 survivors (4096K)
 Metaspace       used 85903K, capacity 88301K, committed 88448K, reserved 1126400K
  class space    used 10151K, capacity 11038K, committed 11136K, reserved 1048576K
}
Event: 20688.455 GC heap after
{Heap after GC invocations=61 (full 5):
 garbage-first heap   total 102400K, used 37188K [0x00000000c1800000, 0x0000000100000000)
  region size 1024K, 7 young (7168K), 7 survivors (7168K)
 Metaspace       used 85903K, capacity 88301K, committed 88448K, reserved 1126400K
  class space    used 10151K, capacity 11038K, committed 11136K, reserved 1048576K
}

