# JRE version: OpenJDK Runtime Environment Temurin-17.0.4.1+1 (17.0.4.1+1) (build 17.0.4.1+1)
# Java VM: OpenJDK 64-Bit Server VM Temurin-17.0.4.1+1 (17.0.4.1+1, mixed mode, emulated-client, tiered, compressed oops, compressed class ptrs, g1 gc, windows-amd64)
GC Precious Log:
 CPUs: 4 total, 4 available
 Memory: 3993M
 Large Page Support: Disabled
 NUMA Support: Disabled
 Compressed Oops: Enabled (32-bit)
 Heap Region Size: 1M
 Heap Min Capacity: 8M
 Heap Initial Capacity: 64M
 Heap Max Capacity: 1000M
 Pre-touch: Disabled
 Parallel Workers: 4
 Concurrent Workers: 1
 Concurrent Refinement Workers: 4
 Periodic GC: Disabled
Heap:
 garbage-first heap   total 112640K, used 33535K [0x00000000c1800000, 0x0000000100000000)
  region size 1024K, 1 young (1024K), 0 survivors (0K)
 Metaspace       used 53329K, committed 53696K, reserved 1097728K
  class space    used 7083K, committed 7296K, reserved 1048576K
GC Heap History (20 events):
Event: 6220.264 GC heap before
{Heap before GC invocations=595 (full 559):
 garbage-first heap   total 112640K, used 33535K [0x00000000c1800000, 0x0000000100000000)
  region size 1024K, 1 young (1024K), 0 survivors (0K)
 Metaspace       used 53329K, committed 53696K, reserved 1097728K
  class space    used 7083K, committed 7296K, reserved 1048576K
}
Event: 6220.304 GC heap after
{Heap after GC invocations=596 (full 560):
 garbage-first heap   total 112640K, used 33535K [0x00000000c1800000, 0x0000000100000000)
  region size 1024K, 0 young (0K), 0 survivors (0K)
 Metaspace       used 53329K, committed 53696K, reserved 1097728K
  class space    used 7083K, committed 7296K, reserved 1048576K
}
Event: 6230.434 GC heap before
{Heap before GC invocations=596 (full 560):
 garbage-first heap   total 112640K, used 33535K [0x00000000c1800000, 0x0000000100000000)
  region size 1024K, 1 young (1024K), 0 survivors (0K)
 Metaspace       used 53329K, committed 53696K, reserved 1097728K
  class space    used 7083K, committed 7296K, reserved 1048576K
}
Event: 6230.480 GC heap after
{Heap after GC invocations=597 (full 561):
 garbage-first heap   total 112640K, used 33535K [0x00000000c1800000, 0x0000000100000000)
  region size 1024K, 0 young (0K), 0 survivors (0K)
 Metaspace       used 53329K, committed 53696K, reserved 1097728K
  class space    used 7083K, committed 7296K, reserved 1048576K
}
Event: 6240.592 GC heap before
{Heap before GC invocations=597 (full 561):
 garbage-first heap   total 112640K, used 33535K [0x00000000c1800000, 0x0000000100000000)
  region size 1024K, 1 young (1024K), 0 survivors (0K)
 Metaspace       used 53329K, committed 53696K, reserved 1097728K
  class space    used 7083K, committed 7296K, reserved 1048576K
}
Event: 6240.637 GC heap after
{Heap after GC invocations=598 (full 562):
 garbage-first heap   total 112640K, used 33535K [0x00000000c1800000, 0x0000000100000000)
  region size 1024K, 0 young (0K), 0 survivors (0K)
 Metaspace       used 53329K, committed 53696K, reserved 1097728K
  class space    used 7083K, committed 7296K, reserved 1048576K
}
Event: 6250.771 GC heap before
{Heap before GC invocations=598 (full 562):
 garbage-first heap   total 112640K, used 33535K [0x00000000c1800000, 0x0000000100000000)
  region size 1024K, 1 young (1024K), 0 survivors (0K)
 Metaspace       used 53329K, committed 53696K, reserved 1097728K
  class space    used 7083K, committed 7296K, reserved 1048576K
}
Event: 6250.809 GC heap after
{Heap after GC invocations=599 (full 563):
 garbage-first heap   total 112640K, used 33535K [0x00000000c1800000, 0x0000000100000000)
  region size 1024K, 0 young (0K), 0 survivors (0K)
 Metaspace       used 53329K, committed 53696K, reserved 1097728K
  class space    used 7083K, committed 7296K, reserved 1048576K
}
Event: 6260.950 GC heap before
{Heap before GC invocations=599 (full 563):
 garbage-first heap   total 112640K, used 33535K [0x00000000c1800000, 0x0000000100000000)
  region size 1024K, 1 young (1024K), 0 survivors (0K)
 Metaspace       used 53329K, committed 53696K, reserved 1097728K
  class space    used 7083K, committed 7296K, reserved 1048576K
}
Event: 6260.993 GC heap after
{Heap after GC invocations=600 (full 564):
 garbage-first heap   total 112640K, used 33535K [0x00000000c1800000, 0x0000000100000000)
  region size 1024K, 0 young (0K), 0 survivors (0K)
 Metaspace       used 53329K, committed 53696K, reserved 1097728K
  class space    used 7083K, committed 7296K, reserved 1048576K
}
Event: 6271.124 GC heap before
{Heap before GC invocations=600 (full 564):
 garbage-first heap   total 112640K, used 33535K [0x00000000c1800000, 0x0000000100000000)
  region size 1024K, 1 young (1024K), 0 survivors (0K)
 Metaspace       used 53329K, committed 53696K, reserved 1097728K
  class space    used 7083K, committed 7296K, reserved 1048576K
}
Event: 6271.164 GC heap after
{Heap after GC invocations=601 (full 565):
 garbage-first heap   total 112640K, used 33535K [0x00000000c1800000, 0x0000000100000000)
  region size 1024K, 0 young (0K), 0 survivors (0K)
 Metaspace       used 53329K, committed 53696K, reserved 1097728K
  class space    used 7083K, committed 7296K, reserved 1048576K
}
Event: 6281.278 GC heap before
{Heap before GC invocations=601 (full 565):
 garbage-first heap   total 112640K, used 33535K [0x00000000c1800000, 0x0000000100000000)
  region size 1024K, 1 young (1024K), 0 survivors (0K)
 Metaspace       used 53329K, committed 53696K, reserved 1097728K
  class space    used 7083K, committed 7296K, reserved 1048576K
}
Event: 6281.317 GC heap after
{Heap after GC invocations=602 (full 566):
 garbage-first heap   total 112640K, used 33535K [0x00000000c1800000, 0x0000000100000000)
  region size 1024K, 0 young (0K), 0 survivors (0K)
 Metaspace       used 53329K, committed 53696K, reserved 1097728K
  class space    used 7083K, committed 7296K, reserved 1048576K
}
Event: 6291.448 GC heap before
{Heap before GC invocations=602 (full 566):
 garbage-first heap   total 112640K, used 33535K [0x00000000c1800000, 0x0000000100000000)
  region size 1024K, 1 young (1024K), 0 survivors (0K)
 Metaspace       used 53329K, committed 53696K, reserved 1097728K
  class space    used 7083K, committed 7296K, reserved 1048576K
}
Event: 6291.485 GC heap after
{Heap after GC invocations=603 (full 567):
 garbage-first heap   total 112640K, used 33535K [0x00000000c1800000, 0x0000000100000000)
  region size 1024K, 0 young (0K), 0 survivors (0K)
 Metaspace       used 53329K, committed 53696K, reserved 1097728K
  class space    used 7083K, committed 7296K, reserved 1048576K
}
Event: 6301.611 GC heap before
{Heap before GC invocations=603 (full 567):
 garbage-first heap   total 112640K, used 33535K [0x00000000c1800000, 0x0000000100000000)
  region size 1024K, 1 young (1024K), 0 survivors (0K)
 Metaspace       used 53329K, committed 53696K, reserved 1097728K
  class space    used 7083K, committed 7296K, reserved 1048576K
}
Event: 6301.648 GC heap after
{Heap after GC invocations=604 (full 568):
 garbage-first heap   total 112640K, used 33535K [0x00000000c1800000, 0x0000000100000000)
  region size 1024K, 0 young (0K), 0 survivors (0K)
 Metaspace       used 53329K, committed 53696K, reserved 1097728K
  class space    used 7083K, committed 7296K, reserved 1048576K
}
Event: 6311.800 GC heap before
{Heap before GC invocations=604 (full 568):
 garbage-first heap   total 112640K, used 33535K [0x00000000c1800000, 0x0000000100000000)
  region size 1024K, 1 young (1024K), 0 survivors (0K)
 Metaspace       used 53329K, committed 53696K, reserved 1097728K
  class space    used 7083K, committed 7296K, reserved 1048576K
}
Event: 6311.843 GC heap after
{Heap after GC invocations=605 (full 569):
 garbage-first heap   total 112640K, used 33535K [0x00000000c1800000, 0x0000000100000000)
  region size 1024K, 0 young (0K), 0 survivors (0K)
 Metaspace       used 53329K, committed 53696K, reserved 1097728K
  class space    used 7083K, committed 7296K, reserved 1048576K
}

